mode: set
gitlab.com/elixxir/client/api/client.go:61.47,70.2 3 1
gitlab.com/elixxir/client/api/client.go:76.65,78.18 1 1
gitlab.com/elixxir/client/api/client.go:78.18,81.3 1 1
gitlab.com/elixxir/client/api/client.go:81.8,85.17 4 1
gitlab.com/elixxir/client/api/client.go:85.17,87.4 1 0
gitlab.com/elixxir/client/api/client.go:88.3,89.17 2 1
gitlab.com/elixxir/client/api/client.go:89.17,92.4 1 1
gitlab.com/elixxir/client/api/client.go:93.3,95.17 2 1
gitlab.com/elixxir/client/api/client.go:95.17,98.4 1 0
gitlab.com/elixxir/client/api/client.go:100.3,101.17 2 1
gitlab.com/elixxir/client/api/client.go:101.17,103.4 1 0
gitlab.com/elixxir/client/api/client.go:104.3,117.17 6 1
gitlab.com/elixxir/client/api/client.go:117.17,119.4 1 0
gitlab.com/elixxir/client/api/client.go:122.2,123.16 2 1
gitlab.com/elixxir/client/api/client.go:123.16,125.3 1 0
gitlab.com/elixxir/client/api/client.go:126.2,126.16 1 1
gitlab.com/elixxir/client/api/client.go:130.35,134.16 3 1
gitlab.com/elixxir/client/api/client.go:134.16,136.38 1 0
gitlab.com/elixxir/client/api/client.go:136.38,139.4 2 0
gitlab.com/elixxir/client/api/client.go:141.3,143.28 3 0
gitlab.com/elixxir/client/api/client.go:146.2,150.12 3 1
gitlab.com/elixxir/client/api/client.go:158.57,160.14 2 1
gitlab.com/elixxir/client/api/client.go:160.14,164.3 2 0
gitlab.com/elixxir/client/api/client.go:164.8,166.3 1 1
gitlab.com/elixxir/client/api/client.go:168.2,170.16 2 1
gitlab.com/elixxir/client/api/client.go:170.16,174.3 3 0
gitlab.com/elixxir/client/api/client.go:176.2,182.36 6 1
gitlab.com/elixxir/client/api/client.go:182.36,184.3 1 1
gitlab.com/elixxir/client/api/client.go:187.2,192.26 3 1
gitlab.com/elixxir/client/api/client.go:192.26,194.3 1 1
gitlab.com/elixxir/client/api/client.go:196.2,198.16 2 1
gitlab.com/elixxir/client/api/client.go:203.32,206.2 2 1
gitlab.com/elixxir/client/api/client.go:209.51,211.2 1 0
gitlab.com/elixxir/client/api/client.go:215.35,217.39 1 1
gitlab.com/elixxir/client/api/client.go:217.39,221.17 3 1
gitlab.com/elixxir/client/api/client.go:221.17,223.4 1 0
gitlab.com/elixxir/client/api/client.go:224.3,224.19 1 1
gitlab.com/elixxir/client/api/client.go:224.19,227.4 2 0
gitlab.com/elixxir/client/api/client.go:229.3,230.17 2 1
gitlab.com/elixxir/client/api/client.go:230.17,232.4 1 1
gitlab.com/elixxir/client/api/client.go:234.3,235.17 2 1
gitlab.com/elixxir/client/api/client.go:235.17,238.4 1 0
gitlab.com/elixxir/client/api/client.go:239.8,241.3 1 0
gitlab.com/elixxir/client/api/client.go:244.2,245.36 2 1
gitlab.com/elixxir/client/api/client.go:245.36,247.3 1 1
gitlab.com/elixxir/client/api/client.go:249.2,252.51 2 1
gitlab.com/elixxir/client/api/client.go:252.51,254.17 2 1
gitlab.com/elixxir/client/api/client.go:254.17,256.4 1 0
gitlab.com/elixxir/client/api/client.go:257.3,257.10 1 1
gitlab.com/elixxir/client/api/client.go:257.10,261.4 2 1
gitlab.com/elixxir/client/api/client.go:262.8,266.3 1 0
gitlab.com/elixxir/client/api/client.go:267.2,267.43 1 1
gitlab.com/elixxir/client/api/client.go:270.79,271.28 1 0
gitlab.com/elixxir/client/api/client.go:271.28,271.41 1 0
gitlab.com/elixxir/client/api/client.go:278.82,293.16 6 1
gitlab.com/elixxir/client/api/client.go:293.16,297.3 3 0
gitlab.com/elixxir/client/api/client.go:300.2,305.16 4 1
gitlab.com/elixxir/client/api/client.go:305.16,309.3 3 0
gitlab.com/elixxir/client/api/client.go:309.9,310.3 0 1
gitlab.com/elixxir/client/api/client.go:311.2,317.3 2 1
gitlab.com/elixxir/client/api/client.go:325.68,327.66 1 1
gitlab.com/elixxir/client/api/client.go:327.66,329.3 1 0
gitlab.com/elixxir/client/api/client.go:331.2,351.26 9 1
gitlab.com/elixxir/client/api/client.go:351.26,353.17 2 1
gitlab.com/elixxir/client/api/client.go:353.17,355.4 1 0
gitlab.com/elixxir/client/api/client.go:358.2,362.16 3 1
gitlab.com/elixxir/client/api/client.go:362.16,364.3 1 0
gitlab.com/elixxir/client/api/client.go:366.2,371.16 4 1
gitlab.com/elixxir/client/api/client.go:371.16,373.3 1 0
gitlab.com/elixxir/client/api/client.go:375.2,384.12 5 1
gitlab.com/elixxir/client/api/client.go:384.12,388.17 4 1
gitlab.com/elixxir/client/api/client.go:388.17,391.4 2 1
gitlab.com/elixxir/client/api/client.go:392.8,399.17 5 1
gitlab.com/elixxir/client/api/client.go:399.17,402.4 2 0
gitlab.com/elixxir/client/api/client.go:405.3,410.66 3 1
gitlab.com/elixxir/client/api/client.go:410.66,413.18 3 1
gitlab.com/elixxir/client/api/client.go:413.18,416.5 2 0
gitlab.com/elixxir/client/api/client.go:418.3,427.34 6 1
gitlab.com/elixxir/client/api/client.go:427.34,430.14 2 1
gitlab.com/elixxir/client/api/client.go:430.14,436.5 2 1
gitlab.com/elixxir/client/api/client.go:438.4,441.25 3 1
gitlab.com/elixxir/client/api/client.go:441.25,443.20 2 0
gitlab.com/elixxir/client/api/client.go:443.20,445.6 1 0
gitlab.com/elixxir/client/api/client.go:445.11,447.6 1 0
gitlab.com/elixxir/client/api/client.go:451.4,451.19 1 1
gitlab.com/elixxir/client/api/client.go:451.19,454.5 2 0
gitlab.com/elixxir/client/api/client.go:458.3,459.17 2 1
gitlab.com/elixxir/client/api/client.go:459.17,461.4 1 0
gitlab.com/elixxir/client/api/client.go:461.9,463.4 1 1
gitlab.com/elixxir/client/api/client.go:464.3,465.27 2 1
gitlab.com/elixxir/client/api/client.go:468.2,484.21 6 1
gitlab.com/elixxir/client/api/client.go:484.21,490.3 3 0
gitlab.com/elixxir/client/api/client.go:492.2,493.16 2 1
gitlab.com/elixxir/client/api/client.go:493.16,495.3 1 0
gitlab.com/elixxir/client/api/client.go:496.2,498.17 2 1
gitlab.com/elixxir/client/api/client.go:504.64,506.53 2 0
gitlab.com/elixxir/client/api/client.go:506.53,508.3 1 0
gitlab.com/elixxir/client/api/client.go:510.2,514.17 3 0
gitlab.com/elixxir/client/api/client.go:514.17,521.17 5 0
gitlab.com/elixxir/client/api/client.go:521.17,523.4 1 0
gitlab.com/elixxir/client/api/client.go:523.9,525.4 1 0
gitlab.com/elixxir/client/api/client.go:527.8,530.3 1 0
gitlab.com/elixxir/client/api/client.go:531.2,531.12 1 0
gitlab.com/elixxir/client/api/client.go:535.58,538.16 2 1
gitlab.com/elixxir/client/api/client.go:538.16,542.3 3 0
gitlab.com/elixxir/client/api/client.go:544.2,544.20 1 1
gitlab.com/elixxir/client/api/client.go:544.20,546.3 1 0
gitlab.com/elixxir/client/api/client.go:549.2,574.33 13 1
gitlab.com/elixxir/client/api/client.go:574.33,577.42 2 1
gitlab.com/elixxir/client/api/client.go:577.42,579.14 2 0
gitlab.com/elixxir/client/api/client.go:579.14,583.5 2 0
gitlab.com/elixxir/client/api/client.go:587.2,590.23 3 1
gitlab.com/elixxir/client/api/client.go:590.23,592.18 2 0
gitlab.com/elixxir/client/api/client.go:592.18,594.4 1 0
gitlab.com/elixxir/client/api/client.go:594.9,596.4 1 0
gitlab.com/elixxir/client/api/client.go:600.2,600.17 1 1
gitlab.com/elixxir/client/api/client.go:600.17,603.3 2 0
gitlab.com/elixxir/client/api/client.go:605.2,606.46 2 1
gitlab.com/elixxir/client/api/client.go:611.48,613.53 2 1
gitlab.com/elixxir/client/api/client.go:613.53,615.3 1 0
gitlab.com/elixxir/client/api/client.go:618.2,627.12 5 1
gitlab.com/elixxir/client/api/client.go:632.34,634.2 1 0
gitlab.com/elixxir/client/api/client.go:638.62,640.53 2 1
gitlab.com/elixxir/client/api/client.go:640.53,642.3 1 0
gitlab.com/elixxir/client/api/client.go:645.2,647.101 3 1
gitlab.com/elixxir/client/api/client.go:652.49,654.2 1 0
gitlab.com/elixxir/client/api/client.go:658.49,660.2 1 0
gitlab.com/elixxir/client/api/client.go:662.101,668.2 3 1
gitlab.com/elixxir/client/api/client.go:670.56,672.2 1 1
gitlab.com/elixxir/client/api/client.go:674.61,676.2 1 1
gitlab.com/elixxir/client/api/client.go:678.45,680.2 1 1
gitlab.com/elixxir/client/api/client.go:682.54,684.2 1 1
gitlab.com/elixxir/client/api/client.go:686.45,688.2 1 1
gitlab.com/elixxir/client/api/client.go:694.34,695.23 1 1
gitlab.com/elixxir/client/api/client.go:695.23,699.3 3 1
gitlab.com/elixxir/client/api/client.go:702.2,705.42 2 1
gitlab.com/elixxir/client/api/client.go:705.42,707.3 1 1
gitlab.com/elixxir/client/api/client.go:709.2,711.21 2 1
gitlab.com/elixxir/client/api/client.go:711.21,716.3 3 0
gitlab.com/elixxir/client/api/client.go:718.2,721.24 3 1
gitlab.com/elixxir/client/api/client.go:721.24,726.3 3 0
gitlab.com/elixxir/client/api/client.go:728.2,728.12 1 1
gitlab.com/elixxir/client/api/client.go:732.31,734.2 1 0
gitlab.com/elixxir/client/api/client.go:737.45,739.2 1 0
gitlab.com/elixxir/client/api/client.go:748.44,750.53 2 0
gitlab.com/elixxir/client/api/client.go:750.53,753.3 2 0
gitlab.com/elixxir/client/api/client.go:755.2,756.12 2 0
gitlab.com/elixxir/client/api/client.go:756.12,758.48 2 0
gitlab.com/elixxir/client/api/client.go:758.48,761.18 3 0
gitlab.com/elixxir/client/api/client.go:761.18,764.5 2 0
gitlab.com/elixxir/client/api/client.go:766.4,767.18 2 0
gitlab.com/elixxir/client/api/client.go:767.18,770.5 2 0
gitlab.com/elixxir/client/api/client.go:774.4,774.11 1 0
gitlab.com/elixxir/client/api/client.go:775.36,775.36 0 0
gitlab.com/elixxir/client/api/client.go:776.12,776.12 0 0
gitlab.com/elixxir/client/api/client.go:779.4,779.36 1 0
gitlab.com/elixxir/client/api/client.go:781.9,782.18 1 0
gitlab.com/elixxir/client/api/client.go:782.18,786.5 3 0
gitlab.com/elixxir/client/api/client.go:786.10,789.5 2 0
gitlab.com/elixxir/client/api/client.go:803.25,804.12 1 0
gitlab.com/elixxir/client/api/client.go:804.12,806.54 2 0
gitlab.com/elixxir/client/api/client.go:806.54,809.4 2 0
gitlab.com/elixxir/client/api/client.go:810.3,811.17 2 0
gitlab.com/elixxir/client/api/client.go:811.17,813.4 1 0
gitlab.com/elixxir/client/api/client.go:814.3,814.25 1 0
gitlab.com/elixxir/client/api/client.go:825.43,827.2 1 1
gitlab.com/elixxir/client/api/client.go:829.44,831.2 1 1
gitlab.com/elixxir/client/api/client.go:833.46,835.2 1 1
gitlab.com/elixxir/client/api/client.go:837.47,839.2 1 1
gitlab.com/elixxir/client/api/client.go:841.49,843.2 1 0
gitlab.com/elixxir/client/api/client.go:845.45,847.2 1 0
gitlab.com/elixxir/client/api/client.go:851.58,856.16 3 1
gitlab.com/elixxir/client/api/client.go:856.16,858.3 1 0
gitlab.com/elixxir/client/api/client.go:860.2,863.16 3 1
gitlab.com/elixxir/client/api/client.go:866.52,868.2 1 0
gitlab.com/elixxir/client/api/client.go:871.34,873.2 1 1
gitlab.com/elixxir/client/api/client.go:877.45,879.2 1 1
gitlab.com/elixxir/client/api/client.go:883.52,885.2 1 1
gitlab.com/elixxir/client/api/mockserver.go:36.42,38.2 1 0
gitlab.com/elixxir/client/api/mockserver.go:40.45,42.2 1 1
gitlab.com/elixxir/client/api/mockserver.go:44.41,46.2 1 0
gitlab.com/elixxir/client/api/mockserver.go:48.44,50.2 1 0
gitlab.com/elixxir/client/api/mockserver.go:52.54,54.2 1 1
gitlab.com/elixxir/client/api/mockserver.go:56.46,58.2 1 0
gitlab.com/elixxir/client/api/mockserver.go:60.35,66.2 1 1
gitlab.com/elixxir/client/api/mockserver.go:76.42,78.2 1 0
gitlab.com/elixxir/client/api/mockserver.go:82.49,84.2 1 1
gitlab.com/elixxir/client/api/mockserver.go:88.71,91.2 2 1
gitlab.com/elixxir/client/api/mockserver.go:93.136,99.2 2 1
gitlab.com/elixxir/client/api/mockserver.go:107.75,109.2 1 0
gitlab.com/elixxir/client/api/mockserver.go:111.80,116.2 3 1
gitlab.com/elixxir/client/api/mockserver.go:118.43,139.2 3 1
gitlab.com/elixxir/client/api/mockserver.go:143.39,145.2 1 1
gitlab.com/elixxir/client/api/mockserver.go:147.82,149.2 1 1
gitlab.com/elixxir/client/api/mockserver.go:151.32,172.2 3 1
gitlab.com/elixxir/client/api/mockserver.go:175.98,180.2 2 1
gitlab.com/elixxir/client/api/mockserver.go:189.52,192.2 2 1
gitlab.com/elixxir/client/api/mockserver.go:194.45,196.2 1 0
gitlab.com/elixxir/client/api/mockserver.go:198.45,200.30 2 1
gitlab.com/elixxir/client/api/mockserver.go:200.30,202.3 1 1
gitlab.com/elixxir/client/api/mockserver.go:203.2,203.12 1 1
gitlab.com/elixxir/client/api/mockserver.go:206.31,208.2 1 0
gitlab.com/elixxir/client/api/mockserver.go:210.33,212.2 1 0
gitlab.com/elixxir/client/api/mockserver.go:214.38,216.2 1 1
gitlab.com/elixxir/client/api/mockserver.go:222.53,224.2 1 0
gitlab.com/elixxir/client/api/mockserver.go:231.75,233.2 1 0
gitlab.com/elixxir/client/api/mockserver.go:235.86,238.2 2 0
gitlab.com/elixxir/client/api/mockserver.go:241.39,243.2 1 0
gitlab.com/elixxir/client/api/mockserver.go:245.88,247.2 1 0
gitlab.com/elixxir/client/api/mockserver.go:254.75,256.2 1 0
gitlab.com/elixxir/client/api/mockserver.go:257.95,261.2 3 0
gitlab.com/elixxir/client/api/mockserver.go:263.39,265.2 1 0
gitlab.com/elixxir/client/api/mockserver.go:266.97,268.2 1 1
gitlab.com/elixxir/client/api/mockserver.go:275.75,277.2 1 0
gitlab.com/elixxir/client/api/mockserver.go:279.96,283.2 3 1
gitlab.com/elixxir/client/api/mockserver.go:286.39,288.2 1 0
gitlab.com/elixxir/client/api/mockserver.go:290.98,292.2 1 1
gitlab.com/elixxir/client/api/private.go:26.89,36.18 7 1
gitlab.com/elixxir/client/api/private.go:36.18,38.3 1 1
gitlab.com/elixxir/client/api/private.go:40.2,43.17 3 1
gitlab.com/elixxir/client/api/private.go:43.17,46.3 2 1
gitlab.com/elixxir/client/api/private.go:48.2,48.16 1 1
gitlab.com/elixxir/client/api/private.go:48.16,50.3 1 1
gitlab.com/elixxir/client/api/private.go:52.2,54.18 2 1
gitlab.com/elixxir/client/api/private.go:54.18,57.3 2 0
gitlab.com/elixxir/client/api/private.go:59.2,59.44 1 1
gitlab.com/elixxir/client/api/private.go:59.44,61.3 1 1
gitlab.com/elixxir/client/api/private.go:62.2,62.24 1 1
gitlab.com/elixxir/client/api/private.go:68.47,71.16 3 1
gitlab.com/elixxir/client/api/private.go:71.16,73.3 1 0
gitlab.com/elixxir/client/api/private.go:74.2,74.16 1 1
gitlab.com/elixxir/client/api/private.go:74.16,76.3 1 0
gitlab.com/elixxir/client/api/private.go:77.2,85.16 3 1
gitlab.com/elixxir/client/api/private.go:85.16,88.3 2 0
gitlab.com/elixxir/client/api/private.go:89.2,89.26 1 1
gitlab.com/elixxir/client/api/private.go:89.26,91.3 1 0
gitlab.com/elixxir/client/api/private.go:92.2,94.36 2 1
gitlab.com/elixxir/client/api/private.go:102.75,114.16 10 1
gitlab.com/elixxir/client/api/private.go:114.16,116.3 1 0
gitlab.com/elixxir/client/api/private.go:119.2,132.16 2 1
gitlab.com/elixxir/client/api/private.go:132.16,136.3 2 0
gitlab.com/elixxir/client/api/private.go:137.2,137.31 1 1
gitlab.com/elixxir/client/api/private.go:137.31,140.3 2 0
gitlab.com/elixxir/client/api/private.go:143.2,143.57 1 1
gitlab.com/elixxir/client/api/private.go:151.57,161.16 8 1
gitlab.com/elixxir/client/api/private.go:161.16,165.3 2 0
gitlab.com/elixxir/client/api/private.go:169.2,177.16 3 1
gitlab.com/elixxir/client/api/private.go:177.16,181.3 2 0
gitlab.com/elixxir/client/api/private.go:182.2,182.33 1 1
gitlab.com/elixxir/client/api/private.go:182.33,186.3 2 0
gitlab.com/elixxir/client/api/private.go:187.2,187.12 1 1
gitlab.com/elixxir/client/api/private.go:191.30,194.99 1 1
gitlab.com/elixxir/client/api/private.go:194.99,197.3 1 0
gitlab.com/elixxir/client/api/private.go:199.2,199.53 1 1
gitlab.com/elixxir/client/api/private.go:199.53,201.3 1 0
gitlab.com/elixxir/client/api/private.go:204.2,252.12 18 1
gitlab.com/elixxir/client/bindings/client.go:33.89,39.2 3 1
gitlab.com/elixxir/client/bindings/client.go:42.56,44.2 1 1
gitlab.com/elixxir/client/bindings/client.go:46.47,48.2 1 0
gitlab.com/elixxir/client/bindings/client.go:64.49,66.20 2 1
gitlab.com/elixxir/client/bindings/client.go:66.20,68.3 1 1
gitlab.com/elixxir/client/bindings/client.go:70.2,74.61 3 1
gitlab.com/elixxir/client/bindings/client.go:74.61,76.3 1 1
gitlab.com/elixxir/client/bindings/client.go:78.2,80.33 2 1
gitlab.com/elixxir/client/bindings/client.go:85.32,88.2 2 1
gitlab.com/elixxir/client/bindings/client.go:90.37,94.2 3 0
gitlab.com/elixxir/client/bindings/client.go:99.35,102.2 2 1
gitlab.com/elixxir/client/bindings/client.go:106.83,107.21 1 0
gitlab.com/elixxir/client/bindings/client.go:107.21,109.3 1 0
gitlab.com/elixxir/client/bindings/client.go:110.2,110.45 1 0
gitlab.com/elixxir/client/bindings/client.go:120.105,127.16 3 1
gitlab.com/elixxir/client/bindings/client.go:127.16,129.3 1 0
gitlab.com/elixxir/client/bindings/client.go:131.2,131.20 1 1
gitlab.com/elixxir/client/bindings/client.go:137.56,140.2 2 0
gitlab.com/elixxir/client/bindings/client.go:145.70,149.2 2 1
gitlab.com/elixxir/client/bindings/client.go:153.48,156.2 2 1
gitlab.com/elixxir/client/bindings/client.go:165.55,170.13 4 1
gitlab.com/elixxir/client/bindings/client.go:170.13,172.3 1 0
gitlab.com/elixxir/client/bindings/client.go:172.8,174.3 1 1
gitlab.com/elixxir/client/bindings/client.go:176.2,184.4 1 1
gitlab.com/elixxir/client/bindings/client.go:189.34,191.2 1 1
gitlab.com/elixxir/client/bindings/client.go:194.31,196.2 1 0
gitlab.com/elixxir/client/bindings/client.go:203.45,205.2 1 0
gitlab.com/elixxir/client/bindings/client.go:209.49,211.2 1 0
gitlab.com/elixxir/client/bindings/client.go:215.46,217.2 1 0
gitlab.com/elixxir/client/bindings/client.go:223.36,226.2 2 0
gitlab.com/elixxir/client/bindings/client.go:232.25,236.2 3 0
gitlab.com/elixxir/client/bindings/client.go:240.52,242.2 1 1
gitlab.com/elixxir/client/bindings/client.go:244.59,246.2 1 1
gitlab.com/elixxir/client/bindings/client.go:248.45,250.2 1 0
gitlab.com/elixxir/client/bindings/client.go:252.48,254.2 1 1
gitlab.com/elixxir/client/bindings/client.go:256.38,258.2 1 1
gitlab.com/elixxir/client/bindings/client.go:262.29,264.2 1 1
gitlab.com/elixxir/client/bindings/client.go:267.52,269.2 1 0
gitlab.com/elixxir/client/bindings/client.go:275.44,278.2 2 1
gitlab.com/elixxir/client/bindings/interfaces.go:60.76,63.2 2 1
gitlab.com/elixxir/client/bindings/interfaces.go:74.76,76.2 1 0
gitlab.com/elixxir/client/bindings/interfaces.go:88.64,90.2 1 0
gitlab.com/elixxir/client/bots/bots.go:23.85,26.2 2 1
gitlab.com/elixxir/client/bots/bots.go:38.77,47.2 5 1
gitlab.com/elixxir/client/bots/bots.go:52.90,82.2 18 1
gitlab.com/elixxir/client/bots/bots.go:87.56,90.2 1 1
gitlab.com/elixxir/client/bots/bots.go:93.48,101.16 4 1
gitlab.com/elixxir/client/bots/bots.go:101.16,103.3 1 1
gitlab.com/elixxir/client/bots/bots.go:105.2,106.26 2 1
gitlab.com/elixxir/client/bots/userDiscovery.go:29.108,36.26 4 1
gitlab.com/elixxir/client/bots/userDiscovery.go:36.26,38.17 2 1
gitlab.com/elixxir/client/bots/userDiscovery.go:38.17,40.4 1 0
gitlab.com/elixxir/client/bots/userDiscovery.go:43.2,50.16 4 1
gitlab.com/elixxir/client/bots/userDiscovery.go:50.16,52.3 1 0
gitlab.com/elixxir/client/bots/userDiscovery.go:54.2,60.17 3 1
gitlab.com/elixxir/client/bots/userDiscovery.go:60.17,61.10 1 1
gitlab.com/elixxir/client/bots/userDiscovery.go:62.45,64.44 2 1
gitlab.com/elixxir/client/bots/userDiscovery.go:64.44,66.5 1 1
gitlab.com/elixxir/client/bots/userDiscovery.go:67.28,68.72 1 1
gitlab.com/elixxir/client/bots/userDiscovery.go:73.2,83.16 4 1
gitlab.com/elixxir/client/bots/userDiscovery.go:83.16,85.3 1 0
gitlab.com/elixxir/client/bots/userDiscovery.go:89.2,91.16 2 1
gitlab.com/elixxir/client/bots/userDiscovery.go:91.16,92.10 1 1
gitlab.com/elixxir/client/bots/userDiscovery.go:93.46,95.44 2 1
gitlab.com/elixxir/client/bots/userDiscovery.go:95.44,97.5 1 1
gitlab.com/elixxir/client/bots/userDiscovery.go:98.28,99.73 1 0
gitlab.com/elixxir/client/bots/userDiscovery.go:103.2,103.12 1 1
gitlab.com/elixxir/client/bots/userDiscovery.go:109.111,115.26 4 1
gitlab.com/elixxir/client/bots/userDiscovery.go:115.26,117.17 2 1
gitlab.com/elixxir/client/bots/userDiscovery.go:117.17,119.4 1 0
gitlab.com/elixxir/client/bots/userDiscovery.go:122.2,129.16 4 1
gitlab.com/elixxir/client/bots/userDiscovery.go:129.16,131.3 1 0
gitlab.com/elixxir/client/bots/userDiscovery.go:133.2,139.13 3 1
gitlab.com/elixxir/client/bots/userDiscovery.go:139.13,140.10 1 1
gitlab.com/elixxir/client/bots/userDiscovery.go:141.44,143.25 2 1
gitlab.com/elixxir/client/bots/userDiscovery.go:143.25,145.5 1 0
gitlab.com/elixxir/client/bots/userDiscovery.go:146.4,146.41 1 1
gitlab.com/elixxir/client/bots/userDiscovery.go:146.41,148.5 1 1
gitlab.com/elixxir/client/bots/userDiscovery.go:149.26,150.77 1 1
gitlab.com/elixxir/client/bots/userDiscovery.go:155.2,156.28 2 1
gitlab.com/elixxir/client/bots/userDiscovery.go:156.28,158.3 1 0
gitlab.com/elixxir/client/bots/userDiscovery.go:160.2,168.16 4 1
gitlab.com/elixxir/client/bots/userDiscovery.go:168.16,170.3 1 0
gitlab.com/elixxir/client/bots/userDiscovery.go:174.2,175.13 2 1
gitlab.com/elixxir/client/bots/userDiscovery.go:175.13,176.10 1 1
gitlab.com/elixxir/client/bots/userDiscovery.go:177.44,178.41 1 1
gitlab.com/elixxir/client/bots/userDiscovery.go:178.41,180.5 1 1
gitlab.com/elixxir/client/bots/userDiscovery.go:181.26,182.76 1 0
gitlab.com/elixxir/client/bots/userDiscovery.go:186.2,188.32 2 1
gitlab.com/elixxir/client/bots/userDiscovery.go:191.46,200.16 7 1
gitlab.com/elixxir/client/bots/userDiscovery.go:200.16,203.3 2 0
gitlab.com/elixxir/client/bots/userDiscovery.go:205.2,206.16 2 1
gitlab.com/elixxir/client/bots/userDiscovery.go:206.16,209.3 2 0
gitlab.com/elixxir/client/bots/userDiscovery.go:211.2,211.26 1 1
gitlab.com/elixxir/client/bots/userDiscovery.go:216.49,219.24 3 1
gitlab.com/elixxir/client/bots/userDiscovery.go:219.24,221.3 1 0
gitlab.com/elixxir/client/bots/userDiscovery.go:223.2,224.16 2 1
gitlab.com/elixxir/client/bots/userDiscovery.go:224.16,226.3 1 0
gitlab.com/elixxir/client/bots/userDiscovery.go:227.2,229.29 2 1
gitlab.com/elixxir/client/bots/userDiscovery.go:234.37,236.24 2 1
gitlab.com/elixxir/client/bots/userDiscovery.go:236.24,239.3 2 0
gitlab.com/elixxir/client/bots/userDiscovery.go:240.2,241.36 2 1
gitlab.com/elixxir/client/bots/userDiscovery.go:241.36,244.3 2 0
gitlab.com/elixxir/client/bots/userDiscovery.go:245.2,245.15 1 1
gitlab.com/elixxir/client/bots/userDiscovery.go:249.68,260.2 4 1
gitlab.com/elixxir/client/bots/userDiscovery.go:264.43,268.2 3 1
gitlab.com/elixxir/client/cmixproto/types.pb.go:161.31,163.2 1 0
gitlab.com/elixxir/client/cmixproto/types.pb.go:165.46,167.2 1 0
gitlab.com/elixxir/client/cmixproto/types.pb.go:213.45,215.2 1 0
gitlab.com/elixxir/client/cmixproto/types.pb.go:217.60,219.2 1 0
gitlab.com/elixxir/client/cmixproto/types.pb.go:250.47,252.2 1 0
gitlab.com/elixxir/client/cmixproto/types.pb.go:254.62,256.2 1 0
gitlab.com/elixxir/client/cmixproto/types.pb.go:274.39,274.61 1 1
gitlab.com/elixxir/client/cmixproto/types.pb.go:275.39,275.76 1 0
gitlab.com/elixxir/client/cmixproto/types.pb.go:276.40,276.41 0 0
gitlab.com/elixxir/client/cmixproto/types.pb.go:277.50,279.2 1 0
gitlab.com/elixxir/client/cmixproto/types.pb.go:281.53,283.2 1 1
gitlab.com/elixxir/client/cmixproto/types.pb.go:284.81,286.2 1 1
gitlab.com/elixxir/client/cmixproto/types.pb.go:287.52,289.2 1 0
gitlab.com/elixxir/client/cmixproto/types.pb.go:290.38,292.2 1 1
gitlab.com/elixxir/client/cmixproto/types.pb.go:293.44,295.2 1 0
gitlab.com/elixxir/client/cmixproto/types.pb.go:299.40,300.14 1 0
gitlab.com/elixxir/client/cmixproto/types.pb.go:300.14,302.3 1 0
gitlab.com/elixxir/client/cmixproto/types.pb.go:303.2,303.10 1 0
gitlab.com/elixxir/client/cmixproto/types.pb.go:306.43,307.14 1 0
gitlab.com/elixxir/client/cmixproto/types.pb.go:307.14,309.3 1 0
gitlab.com/elixxir/client/cmixproto/types.pb.go:310.2,310.11 1 0
gitlab.com/elixxir/client/cmixproto/types.pb.go:313.39,314.14 1 0
gitlab.com/elixxir/client/cmixproto/types.pb.go:314.14,316.3 1 0
gitlab.com/elixxir/client/cmixproto/types.pb.go:317.2,317.10 1 0
gitlab.com/elixxir/client/cmixproto/types.pb.go:335.42,335.67 1 0
gitlab.com/elixxir/client/cmixproto/types.pb.go:336.42,336.79 1 0
gitlab.com/elixxir/client/cmixproto/types.pb.go:337.43,337.44 0 0
gitlab.com/elixxir/client/cmixproto/types.pb.go:338.53,340.2 1 0
gitlab.com/elixxir/client/cmixproto/types.pb.go:342.56,344.2 1 0
gitlab.com/elixxir/client/cmixproto/types.pb.go:345.84,347.2 1 0
gitlab.com/elixxir/client/cmixproto/types.pb.go:348.55,350.2 1 0
gitlab.com/elixxir/client/cmixproto/types.pb.go:351.41,353.2 1 0
gitlab.com/elixxir/client/cmixproto/types.pb.go:354.47,356.2 1 0
gitlab.com/elixxir/client/cmixproto/types.pb.go:360.48,361.14 1 0
gitlab.com/elixxir/client/cmixproto/types.pb.go:361.14,363.3 1 0
gitlab.com/elixxir/client/cmixproto/types.pb.go:364.2,364.12 1 0
gitlab.com/elixxir/client/cmixproto/types.pb.go:367.46,368.14 1 0
gitlab.com/elixxir/client/cmixproto/types.pb.go:368.14,370.3 1 0
gitlab.com/elixxir/client/cmixproto/types.pb.go:371.2,371.12 1 0
gitlab.com/elixxir/client/cmixproto/types.pb.go:391.43,391.69 1 0
gitlab.com/elixxir/client/cmixproto/types.pb.go:392.43,392.80 1 0
gitlab.com/elixxir/client/cmixproto/types.pb.go:393.44,393.45 0 0
gitlab.com/elixxir/client/cmixproto/types.pb.go:394.54,396.2 1 0
gitlab.com/elixxir/client/cmixproto/types.pb.go:398.57,400.2 1 0
gitlab.com/elixxir/client/cmixproto/types.pb.go:401.85,403.2 1 0
gitlab.com/elixxir/client/cmixproto/types.pb.go:404.56,406.2 1 0
gitlab.com/elixxir/client/cmixproto/types.pb.go:407.42,409.2 1 0
gitlab.com/elixxir/client/cmixproto/types.pb.go:410.48,412.2 1 0
gitlab.com/elixxir/client/cmixproto/types.pb.go:416.45,417.14 1 0
gitlab.com/elixxir/client/cmixproto/types.pb.go:417.14,419.3 1 0
gitlab.com/elixxir/client/cmixproto/types.pb.go:420.2,420.14 1 0
gitlab.com/elixxir/client/cmixproto/types.pb.go:423.48,424.14 1 0
gitlab.com/elixxir/client/cmixproto/types.pb.go:424.14,426.3 1 0
gitlab.com/elixxir/client/cmixproto/types.pb.go:427.2,427.11 1 0
gitlab.com/elixxir/client/cmixproto/types.pb.go:430.42,431.14 1 0
gitlab.com/elixxir/client/cmixproto/types.pb.go:431.14,433.3 1 0
gitlab.com/elixxir/client/cmixproto/types.pb.go:434.2,434.12 1 0
gitlab.com/elixxir/client/cmixproto/types.pb.go:455.42,455.67 1 0
gitlab.com/elixxir/client/cmixproto/types.pb.go:456.42,456.79 1 0
gitlab.com/elixxir/client/cmixproto/types.pb.go:457.43,457.44 0 0
gitlab.com/elixxir/client/cmixproto/types.pb.go:458.53,460.2 1 0
gitlab.com/elixxir/client/cmixproto/types.pb.go:462.56,464.2 1 0
gitlab.com/elixxir/client/cmixproto/types.pb.go:465.84,467.2 1 0
gitlab.com/elixxir/client/cmixproto/types.pb.go:468.55,470.2 1 0
gitlab.com/elixxir/client/cmixproto/types.pb.go:471.41,473.2 1 0
gitlab.com/elixxir/client/cmixproto/types.pb.go:474.47,476.2 1 0
gitlab.com/elixxir/client/cmixproto/types.pb.go:480.42,481.14 1 0
gitlab.com/elixxir/client/cmixproto/types.pb.go:481.14,483.3 1 0
gitlab.com/elixxir/client/cmixproto/types.pb.go:484.2,484.10 1 0
gitlab.com/elixxir/client/cmixproto/types.pb.go:487.50,488.14 1 0
gitlab.com/elixxir/client/cmixproto/types.pb.go:488.14,490.3 1 0
gitlab.com/elixxir/client/cmixproto/types.pb.go:491.2,491.12 1 0
gitlab.com/elixxir/client/cmixproto/types.pb.go:494.43,495.14 1 0
gitlab.com/elixxir/client/cmixproto/types.pb.go:495.14,497.3 1 0
gitlab.com/elixxir/client/cmixproto/types.pb.go:498.2,498.11 1 0
gitlab.com/elixxir/client/cmixproto/types.pb.go:501.13,509.2 7 1
gitlab.com/elixxir/client/cmixproto/types.pb.go:511.13,511.83 1 1
gitlab.com/elixxir/client/crypto/decrypt.go:22.29,24.69 1 1
gitlab.com/elixxir/client/crypto/decrypt.go:24.69,26.3 1 1
gitlab.com/elixxir/client/crypto/decrypt.go:27.2,33.16 5 1
gitlab.com/elixxir/client/crypto/decrypt.go:33.16,35.3 1 1
gitlab.com/elixxir/client/crypto/decrypt.go:38.2,43.16 4 1
gitlab.com/elixxir/client/crypto/decrypt.go:43.16,45.3 1 1
gitlab.com/elixxir/client/crypto/decrypt.go:46.2,47.12 2 1
gitlab.com/elixxir/client/crypto/decrypt.go:55.29,57.69 1 1
gitlab.com/elixxir/client/crypto/decrypt.go:57.69,59.3 1 1
gitlab.com/elixxir/client/crypto/decrypt.go:60.2,66.16 5 1
gitlab.com/elixxir/client/crypto/decrypt.go:66.16,68.3 1 1
gitlab.com/elixxir/client/crypto/decrypt.go:71.2,76.12 5 1
gitlab.com/elixxir/client/crypto/encrypt.go:24.51,28.31 3 1
gitlab.com/elixxir/client/crypto/encrypt.go:28.31,30.3 1 1
gitlab.com/elixxir/client/crypto/encrypt.go:32.2,35.16 3 1
gitlab.com/elixxir/client/crypto/encrypt.go:35.16,37.3 1 0
gitlab.com/elixxir/client/crypto/encrypt.go:39.2,41.21 2 1
gitlab.com/elixxir/client/crypto/encrypt.go:50.23,61.16 5 1
gitlab.com/elixxir/client/crypto/encrypt.go:61.16,62.13 1 0
gitlab.com/elixxir/client/crypto/encrypt.go:64.2,68.16 3 1
gitlab.com/elixxir/client/crypto/encrypt.go:68.16,70.3 1 0
gitlab.com/elixxir/client/crypto/encrypt.go:71.2,76.17 3 1
gitlab.com/elixxir/client/crypto/encrypt.go:87.23,98.16 5 1
gitlab.com/elixxir/client/crypto/encrypt.go:98.16,99.13 1 0
gitlab.com/elixxir/client/crypto/encrypt.go:101.2,110.17 5 1
gitlab.com/elixxir/client/globals/storage.go:26.62,29.2 2 1
gitlab.com/elixxir/client/globals/storage.go:31.48,33.2 1 1
gitlab.com/elixxir/client/globals/storage.go:35.51,39.17 2 1
gitlab.com/elixxir/client/globals/storage.go:39.17,41.3 1 0
gitlab.com/elixxir/client/globals/storage.go:41.8,41.33 1 1
gitlab.com/elixxir/client/globals/storage.go:41.33,46.3 2 0
gitlab.com/elixxir/client/globals/storage.go:49.2,53.17 3 1
gitlab.com/elixxir/client/globals/storage.go:53.17,57.3 2 0
gitlab.com/elixxir/client/globals/storage.go:60.2,62.17 2 1
gitlab.com/elixxir/client/globals/storage.go:62.17,66.3 2 0
gitlab.com/elixxir/client/globals/storage.go:68.2,68.12 1 1
gitlab.com/elixxir/client/globals/storage.go:71.41,75.17 2 1
gitlab.com/elixxir/client/globals/storage.go:75.17,79.3 2 0
gitlab.com/elixxir/client/globals/storage.go:81.2,88.17 4 1
gitlab.com/elixxir/client/globals/storage.go:88.17,92.3 2 0
gitlab.com/elixxir/client/globals/storage.go:95.2,97.17 2 1
gitlab.com/elixxir/client/globals/storage.go:97.17,101.3 2 0
gitlab.com/elixxir/client/globals/storage.go:103.2,103.10 1 1
gitlab.com/elixxir/client/globals/storage.go:111.58,113.2 1 1
gitlab.com/elixxir/client/globals/storage.go:115.44,117.2 1 1
gitlab.com/elixxir/client/globals/storage.go:119.47,123.2 3 1
gitlab.com/elixxir/client/globals/storage.go:125.37,130.2 3 1
gitlab.com/elixxir/client/globals/terminator.go:15.45,18.2 2 1
gitlab.com/elixxir/client/globals/terminator.go:20.39,22.2 1 0
gitlab.com/elixxir/client/globals/terminator.go:26.66,31.18 3 1
gitlab.com/elixxir/client/globals/terminator.go:31.18,37.10 4 1
gitlab.com/elixxir/client/globals/terminator.go:38.25,39.15 1 1
gitlab.com/elixxir/client/globals/terminator.go:40.18,41.16 1 1
gitlab.com/elixxir/client/globals/terminator.go:43.8,45.3 1 1
gitlab.com/elixxir/client/io/checkVersion.go:21.41,23.2 1 1
gitlab.com/elixxir/client/io/checkVersion.go:25.71,27.24 2 1
gitlab.com/elixxir/client/io/checkVersion.go:27.24,29.3 1 1
gitlab.com/elixxir/client/io/checkVersion.go:30.2,31.16 2 1
gitlab.com/elixxir/client/io/checkVersion.go:31.16,33.3 1 1
gitlab.com/elixxir/client/io/checkVersion.go:34.2,35.16 2 1
gitlab.com/elixxir/client/io/checkVersion.go:35.16,37.3 1 1
gitlab.com/elixxir/client/io/checkVersion.go:38.2,42.8 1 1
gitlab.com/elixxir/client/io/checkVersion.go:52.72,54.35 1 1
gitlab.com/elixxir/client/io/checkVersion.go:54.35,56.3 1 1
gitlab.com/elixxir/client/io/checkVersion.go:58.2,58.34 1 1
gitlab.com/elixxir/client/io/checkVersion.go:58.34,60.3 1 1
gitlab.com/elixxir/client/io/checkVersion.go:63.2,63.13 1 1
gitlab.com/elixxir/client/io/checkVersion.go:69.68,71.16 2 1
gitlab.com/elixxir/client/io/checkVersion.go:71.16,74.3 1 1
gitlab.com/elixxir/client/io/checkVersion.go:75.2,76.16 2 1
gitlab.com/elixxir/client/io/checkVersion.go:76.16,79.3 1 1
gitlab.com/elixxir/client/io/checkVersion.go:80.2,80.51 1 1
gitlab.com/elixxir/client/io/collate.go:37.30,41.2 1 1
gitlab.com/elixxir/client/io/collate.go:50.40,60.16 5 1
gitlab.com/elixxir/client/io/collate.go:60.16,62.3 1 1
gitlab.com/elixxir/client/io/collate.go:64.2,66.16 2 1
gitlab.com/elixxir/client/io/collate.go:66.16,67.30 1 1
gitlab.com/elixxir/client/io/collate.go:67.30,72.18 2 1
gitlab.com/elixxir/client/io/collate.go:72.18,75.5 2 0
gitlab.com/elixxir/client/io/collate.go:77.4,85.15 2 1
gitlab.com/elixxir/client/io/collate.go:86.9,97.11 9 1
gitlab.com/elixxir/client/io/collate.go:97.11,112.36 5 1
gitlab.com/elixxir/client/io/collate.go:112.36,115.12 3 1
gitlab.com/elixxir/client/io/collate.go:115.12,117.7 1 1
gitlab.com/elixxir/client/io/collate.go:118.6,118.21 1 1
gitlab.com/elixxir/client/io/collate.go:120.10,124.5 2 1
gitlab.com/elixxir/client/io/collate.go:125.4,125.53 1 1
gitlab.com/elixxir/client/io/collate.go:125.53,128.19 2 1
gitlab.com/elixxir/client/io/collate.go:128.19,133.6 4 0
gitlab.com/elixxir/client/io/collate.go:134.5,136.19 2 1
gitlab.com/elixxir/client/io/collate.go:136.19,141.6 4 0
gitlab.com/elixxir/client/io/collate.go:143.5,153.16 4 1
gitlab.com/elixxir/client/io/collate.go:155.4,155.19 1 1
gitlab.com/elixxir/client/io/collate.go:157.8,159.3 1 0
gitlab.com/elixxir/client/io/collate.go:160.2,161.12 2 1
gitlab.com/elixxir/client/io/collate.go:165.35,168.38 3 1
gitlab.com/elixxir/client/io/collate.go:168.38,169.43 1 1
gitlab.com/elixxir/client/io/collate.go:169.43,170.55 1 1
gitlab.com/elixxir/client/io/collate.go:170.55,172.5 1 1
gitlab.com/elixxir/client/io/collate.go:173.4,174.46 1 1
gitlab.com/elixxir/client/io/collate.go:177.2,178.13 2 1
gitlab.com/elixxir/client/io/commManager.go:33.35,35.2 1 1
gitlab.com/elixxir/client/io/commManager.go:78.50,101.2 4 1
gitlab.com/elixxir/client/io/commManager.go:105.50,107.30 2 1
gitlab.com/elixxir/client/io/commManager.go:107.30,109.3 1 0
gitlab.com/elixxir/client/io/commManager.go:111.2,116.42 4 1
gitlab.com/elixxir/client/io/commManager.go:116.42,121.45 3 1
gitlab.com/elixxir/client/io/commManager.go:121.45,123.4 1 0
gitlab.com/elixxir/client/io/commManager.go:124.3,129.13 5 1
gitlab.com/elixxir/client/io/commManager.go:129.13,136.18 3 1
gitlab.com/elixxir/client/io/commManager.go:136.18,140.5 1 0
gitlab.com/elixxir/client/io/commManager.go:141.4,141.13 1 1
gitlab.com/elixxir/client/io/commManager.go:143.3,146.24 3 1
gitlab.com/elixxir/client/io/commManager.go:146.24,148.19 2 0
gitlab.com/elixxir/client/io/commManager.go:148.19,150.5 1 0
gitlab.com/elixxir/client/io/commManager.go:150.10,152.5 1 0
gitlab.com/elixxir/client/io/commManager.go:156.3,156.18 1 1
gitlab.com/elixxir/client/io/commManager.go:156.18,158.4 1 0
gitlab.com/elixxir/client/io/commManager.go:161.2,162.12 2 1
gitlab.com/elixxir/client/io/commManager.go:167.52,170.16 2 1
gitlab.com/elixxir/client/io/commManager.go:170.16,172.3 1 1
gitlab.com/elixxir/client/io/commManager.go:173.2,174.12 2 1
gitlab.com/elixxir/client/io/commManager.go:177.73,179.2 1 0
gitlab.com/elixxir/client/io/commManager.go:182.105,195.16 7 1
gitlab.com/elixxir/client/io/commManager.go:195.16,198.3 2 0
gitlab.com/elixxir/client/io/commManager.go:201.2,201.21 1 1
gitlab.com/elixxir/client/io/commManager.go:201.21,204.3 2 0
gitlab.com/elixxir/client/io/commManager.go:208.2,212.16 3 1
gitlab.com/elixxir/client/io/commManager.go:212.16,216.3 2 0
gitlab.com/elixxir/client/io/commManager.go:217.2,217.24 1 1
gitlab.com/elixxir/client/io/commManager.go:222.69,228.2 5 1
gitlab.com/elixxir/client/io/commManager.go:232.53,234.2 1 1
gitlab.com/elixxir/client/io/commManager.go:239.77,240.39 1 1
gitlab.com/elixxir/client/io/commManager.go:240.39,242.57 2 1
gitlab.com/elixxir/client/io/commManager.go:242.57,244.4 1 0
gitlab.com/elixxir/client/io/commManager.go:245.3,249.17 4 1
gitlab.com/elixxir/client/io/commManager.go:249.17,252.4 1 0
gitlab.com/elixxir/client/io/commManager.go:253.3,256.19 2 1
gitlab.com/elixxir/client/io/commManager.go:257.8,263.3 2 0
gitlab.com/elixxir/client/io/commManager.go:266.54,269.2 2 1
gitlab.com/elixxir/client/io/commManager.go:271.37,273.2 1 1
gitlab.com/elixxir/client/io/commManager.go:275.37,278.21 2 1
gitlab.com/elixxir/client/io/commManager.go:278.21,281.3 1 0
gitlab.com/elixxir/client/io/commManager.go:282.2,282.16 1 1
gitlab.com/elixxir/client/io/commManager.go:285.56,287.2 1 1
gitlab.com/elixxir/client/io/commManager.go:289.54,292.21 2 0
gitlab.com/elixxir/client/io/commManager.go:292.21,295.3 1 0
gitlab.com/elixxir/client/io/commManager.go:296.2,296.31 1 0
gitlab.com/elixxir/client/io/commManager.go:299.58,302.21 2 0
gitlab.com/elixxir/client/io/commManager.go:302.21,305.3 1 0
gitlab.com/elixxir/client/io/commManager.go:306.2,306.26 1 0
gitlab.com/elixxir/client/io/commManager.go:309.53,311.2 1 1
gitlab.com/elixxir/client/io/commManager.go:313.72,317.2 3 1
gitlab.com/elixxir/client/io/commManager.go:319.44,321.2 1 0
gitlab.com/elixxir/client/io/receive.go:28.108,30.20 1 1
gitlab.com/elixxir/client/io/receive.go:30.20,32.3 1 0
gitlab.com/elixxir/client/io/receive.go:33.2,50.6 11 1
gitlab.com/elixxir/client/io/receive.go:50.6,54.10 3 1
gitlab.com/elixxir/client/io/receive.go:55.15,57.10 2 1
gitlab.com/elixxir/client/io/receive.go:58.23,62.11 1 1
gitlab.com/elixxir/client/io/receive.go:63.26,66.45 1 0
gitlab.com/elixxir/client/io/receive.go:67.12,67.12 0 1
gitlab.com/elixxir/client/io/receive.go:70.4,76.18 4 1
gitlab.com/elixxir/client/io/receive.go:76.18,78.87 2 0
gitlab.com/elixxir/client/io/receive.go:78.87,81.6 2 0
gitlab.com/elixxir/client/io/receive.go:81.11,81.36 1 0
gitlab.com/elixxir/client/io/receive.go:81.36,85.46 2 0
gitlab.com/elixxir/client/io/receive.go:85.46,97.16 6 0
gitlab.com/elixxir/client/io/receive.go:97.16,99.8 1 0
gitlab.com/elixxir/client/io/receive.go:101.7,101.14 1 0
gitlab.com/elixxir/client/io/receive.go:102.36,104.14 2 0
gitlab.com/elixxir/client/io/receive.go:105.22,105.22 0 0
gitlab.com/elixxir/client/io/receive.go:106.30,107.24 1 0
gitlab.com/elixxir/client/io/receive.go:109.7,111.21 2 0
gitlab.com/elixxir/client/io/receive.go:111.21,113.8 1 0
gitlab.com/elixxir/client/io/receive.go:115.7,115.21 1 0
gitlab.com/elixxir/client/io/receive.go:119.4,119.41 1 1
gitlab.com/elixxir/client/io/receive.go:120.20,121.52 1 0
gitlab.com/elixxir/client/io/receive.go:125.3,125.34 1 1
gitlab.com/elixxir/client/io/receive.go:125.34,129.33 2 0
gitlab.com/elixxir/client/io/receive.go:129.33,131.5 1 0
gitlab.com/elixxir/client/io/receive.go:133.4,133.32 1 0
gitlab.com/elixxir/client/io/receive.go:133.32,134.38 1 0
gitlab.com/elixxir/client/io/receive.go:134.38,138.33 2 0
gitlab.com/elixxir/client/io/receive.go:138.33,141.7 1 0
gitlab.com/elixxir/client/io/receive.go:148.39,149.9 1 0
gitlab.com/elixxir/client/io/receive.go:150.37,150.37 0 0
gitlab.com/elixxir/client/io/receive.go:151.10,151.10 0 0
gitlab.com/elixxir/client/io/receive.go:155.72,156.25 1 0
gitlab.com/elixxir/client/io/receive.go:156.25,161.3 3 0
gitlab.com/elixxir/client/io/receive.go:163.2,164.27 2 0
gitlab.com/elixxir/client/io/receive.go:164.27,166.3 1 0
gitlab.com/elixxir/client/io/receive.go:168.2,171.27 3 0
gitlab.com/elixxir/client/io/receive.go:175.51,183.20 4 0
gitlab.com/elixxir/client/io/receive.go:183.20,186.3 1 0
gitlab.com/elixxir/client/io/receive.go:186.8,186.50 1 0
gitlab.com/elixxir/client/io/receive.go:186.50,189.3 1 0
gitlab.com/elixxir/client/io/receive.go:191.2,195.11 4 0
gitlab.com/elixxir/client/io/receive.go:195.11,197.3 1 0
gitlab.com/elixxir/client/io/receive.go:197.8,199.3 1 0
gitlab.com/elixxir/client/io/receive.go:201.2,201.16 1 0
gitlab.com/elixxir/client/io/receive.go:201.17,203.3 0 0
gitlab.com/elixxir/client/io/receive.go:209.2,209.11 1 0
gitlab.com/elixxir/client/io/receive.go:209.11,222.3 4 0
gitlab.com/elixxir/client/io/receive.go:223.2,223.27 1 0
gitlab.com/elixxir/client/io/receive.go:227.91,236.16 3 1
gitlab.com/elixxir/client/io/receive.go:236.16,238.3 1 0
gitlab.com/elixxir/client/io/receive.go:240.2,240.29 1 1
gitlab.com/elixxir/client/io/receive.go:240.29,242.3 1 0
gitlab.com/elixxir/client/io/receive.go:244.2,252.43 4 1
gitlab.com/elixxir/client/io/receive.go:252.43,257.16 4 0
gitlab.com/elixxir/client/io/receive.go:257.16,269.18 3 0
gitlab.com/elixxir/client/io/receive.go:269.18,273.5 1 0
gitlab.com/elixxir/client/io/receive.go:273.10,275.33 1 0
gitlab.com/elixxir/client/io/receive.go:275.33,277.14 2 0
gitlab.com/elixxir/client/io/receive.go:280.5,288.13 7 0
gitlab.com/elixxir/client/io/receive.go:293.2,293.16 1 1
gitlab.com/elixxir/client/io/receive.go:293.16,294.31 1 0
gitlab.com/elixxir/client/io/receive.go:294.31,300.4 4 0
gitlab.com/elixxir/client/io/receive.go:301.3,303.17 3 0
gitlab.com/elixxir/client/io/receive.go:303.17,306.4 1 0
gitlab.com/elixxir/client/io/receive.go:309.2,309.31 1 1
gitlab.com/elixxir/client/io/receive.go:314.21,323.40 6 0
gitlab.com/elixxir/client/io/receive.go:323.40,331.29 6 0
gitlab.com/elixxir/client/io/receive.go:331.29,334.18 2 0
gitlab.com/elixxir/client/io/receive.go:334.18,336.5 1 0
gitlab.com/elixxir/client/io/receive.go:338.4,339.42 2 0
gitlab.com/elixxir/client/io/receive.go:340.9,343.29 2 0
gitlab.com/elixxir/client/io/receive.go:343.29,346.5 2 0
gitlab.com/elixxir/client/io/receive.go:349.3,349.17 1 0
gitlab.com/elixxir/client/io/receive.go:349.17,353.4 1 0
gitlab.com/elixxir/client/io/receive.go:353.9,353.19 1 0
gitlab.com/elixxir/client/io/receive.go:353.19,356.4 1 0
gitlab.com/elixxir/client/io/receive.go:356.9,356.21 1 0
gitlab.com/elixxir/client/io/receive.go:356.21,359.4 2 0
gitlab.com/elixxir/client/io/receive.go:359.9,363.4 3 0
gitlab.com/elixxir/client/io/receive.go:366.2,366.106 1 0
gitlab.com/elixxir/client/io/receive.go:370.38,373.2 1 0
gitlab.com/elixxir/client/io/receive.go:376.37,377.83 1 0
gitlab.com/elixxir/client/io/receive.go:377.83,379.3 1 0
gitlab.com/elixxir/client/io/receive.go:381.2,381.14 1 0
gitlab.com/elixxir/client/io/send.go:30.24,42.16 3 1
gitlab.com/elixxir/client/io/send.go:42.16,44.3 1 0
gitlab.com/elixxir/client/io/send.go:46.2,53.16 3 1
gitlab.com/elixxir/client/io/send.go:53.16,55.3 1 0
gitlab.com/elixxir/client/io/send.go:57.2,60.23 4 1
gitlab.com/elixxir/client/io/send.go:60.23,66.17 6 1
gitlab.com/elixxir/client/io/send.go:66.17,68.4 1 0
gitlab.com/elixxir/client/io/send.go:70.2,71.12 2 1
gitlab.com/elixxir/client/io/send.go:79.24,81.28 2 0
gitlab.com/elixxir/client/io/send.go:81.28,83.3 1 0
gitlab.com/elixxir/client/io/send.go:84.2,91.16 3 0
gitlab.com/elixxir/client/io/send.go:91.16,93.3 1 0
gitlab.com/elixxir/client/io/send.go:94.2,107.16 11 0
gitlab.com/elixxir/client/io/send.go:107.16,109.3 1 0
gitlab.com/elixxir/client/io/send.go:110.2,110.12 1 0
gitlab.com/elixxir/client/io/send.go:117.49,119.27 1 1
gitlab.com/elixxir/client/io/send.go:119.27,121.16 2 1
gitlab.com/elixxir/client/io/send.go:121.16,124.4 2 1
gitlab.com/elixxir/client/io/send.go:128.2,128.29 1 1
gitlab.com/elixxir/client/io/send.go:128.29,130.3 1 0
gitlab.com/elixxir/client/io/send.go:130.8,132.17 2 1
gitlab.com/elixxir/client/io/send.go:132.17,134.4 1 0
gitlab.com/elixxir/client/io/send.go:135.3,137.82 3 1
gitlab.com/elixxir/client/io/send.go:140.2,151.60 4 1
gitlab.com/elixxir/client/io/send.go:156.14,163.15 5 0
gitlab.com/elixxir/client/io/send.go:163.15,168.3 3 0
gitlab.com/elixxir/client/io/send.go:172.2,172.63 1 0
gitlab.com/elixxir/client/io/send.go:172.63,173.12 1 0
gitlab.com/elixxir/client/io/send.go:173.12,176.4 1 0
gitlab.com/elixxir/client/io/send.go:176.9,179.4 1 0
gitlab.com/elixxir/client/io/send.go:180.3,180.17 1 0
gitlab.com/elixxir/client/io/send.go:180.17,182.4 1 0
gitlab.com/elixxir/client/io/send.go:184.3,184.10 1 0
gitlab.com/elixxir/client/io/send.go:185.18,186.14 1 0
gitlab.com/elixxir/client/io/send.go:187.11,187.11 0 0
gitlab.com/elixxir/client/io/send.go:191.2,191.16 1 0
gitlab.com/elixxir/client/io/send.go:191.16,194.3 1 0
gitlab.com/elixxir/client/io/send.go:194.8,194.37 1 0
gitlab.com/elixxir/client/io/send.go:194.37,199.3 3 0
gitlab.com/elixxir/client/io/send.go:199.8,199.39 1 0
gitlab.com/elixxir/client/io/send.go:199.39,201.3 1 0
gitlab.com/elixxir/client/io/send.go:203.2,203.30 1 0
gitlab.com/elixxir/client/io/send.go:203.30,215.3 2 0
gitlab.com/elixxir/client/io/send.go:217.2,218.11 2 0
gitlab.com/elixxir/client/io/send.go:218.11,223.3 1 0
gitlab.com/elixxir/client/io/send.go:223.8,228.3 1 0
gitlab.com/elixxir/client/keyStore/action.go:12.33,14.11 2 1
gitlab.com/elixxir/client/keyStore/action.go:15.12,16.15 1 1
gitlab.com/elixxir/client/keyStore/action.go:17.13,18.16 1 1
gitlab.com/elixxir/client/keyStore/action.go:19.13,20.16 1 1
gitlab.com/elixxir/client/keyStore/action.go:21.15,22.18 1 1
gitlab.com/elixxir/client/keyStore/action.go:24.2,24.12 1 1
gitlab.com/elixxir/client/keyStore/e2eKey.go:27.48,29.2 1 1
gitlab.com/elixxir/client/keyStore/e2eKey.go:32.44,34.2 1 1
gitlab.com/elixxir/client/keyStore/e2eKey.go:37.55,39.2 1 1
gitlab.com/elixxir/client/keyStore/e2eKey.go:44.59,50.2 5 1
gitlab.com/elixxir/client/keyStore/keyManager.go:80.60,93.34 12 1
gitlab.com/elixxir/client/keyStore/keyManager.go:93.34,96.3 2 1
gitlab.com/elixxir/client/keyStore/keyManager.go:97.2,97.36 1 1
gitlab.com/elixxir/client/keyStore/keyManager.go:97.36,100.3 2 1
gitlab.com/elixxir/client/keyStore/keyManager.go:101.2,101.11 1 1
gitlab.com/elixxir/client/keyStore/keyManager.go:105.48,107.2 1 1
gitlab.com/elixxir/client/keyStore/keyManager.go:110.48,112.2 1 1
gitlab.com/elixxir/client/keyStore/keyManager.go:115.47,117.2 1 1
gitlab.com/elixxir/client/keyStore/keyManager.go:120.45,122.2 1 1
gitlab.com/elixxir/client/keyStore/keyManager.go:149.48,152.2 2 1
gitlab.com/elixxir/client/keyStore/keyManager.go:157.48,160.2 2 1
gitlab.com/elixxir/client/keyStore/keyManager.go:175.54,178.11 2 1
gitlab.com/elixxir/client/keyStore/keyManager.go:178.11,180.3 1 1
gitlab.com/elixxir/client/keyStore/keyManager.go:180.8,182.3 1 1
gitlab.com/elixxir/client/keyStore/keyManager.go:185.2,188.33 2 1
gitlab.com/elixxir/client/keyStore/keyManager.go:188.33,190.3 1 1
gitlab.com/elixxir/client/keyStore/keyManager.go:193.2,193.47 1 1
gitlab.com/elixxir/client/keyStore/keyManager.go:193.47,198.3 2 1
gitlab.com/elixxir/client/keyStore/keyManager.go:198.8,198.49 1 1
gitlab.com/elixxir/client/keyStore/keyManager.go:198.49,200.3 1 1
gitlab.com/elixxir/client/keyStore/keyManager.go:201.2,201.13 1 1
gitlab.com/elixxir/client/keyStore/keyManager.go:215.66,219.11 3 1
gitlab.com/elixxir/client/keyStore/keyManager.go:219.11,221.3 1 1
gitlab.com/elixxir/client/keyStore/keyManager.go:221.8,223.3 1 1
gitlab.com/elixxir/client/keyStore/keyManager.go:235.73,240.11 4 1
gitlab.com/elixxir/client/keyStore/keyManager.go:240.11,242.3 1 1
gitlab.com/elixxir/client/keyStore/keyManager.go:242.8,244.3 1 1
gitlab.com/elixxir/client/keyStore/keyManager.go:246.2,246.32 1 1
gitlab.com/elixxir/client/keyStore/keyManager.go:266.82,269.19 2 1
gitlab.com/elixxir/client/keyStore/keyManager.go:269.19,285.32 8 1
gitlab.com/elixxir/client/keyStore/keyManager.go:285.32,291.4 5 1
gitlab.com/elixxir/client/keyStore/keyManager.go:294.3,297.34 2 1
gitlab.com/elixxir/client/keyStore/keyManager.go:297.34,303.4 5 1
gitlab.com/elixxir/client/keyStore/keyManager.go:305.8,316.32 4 1
gitlab.com/elixxir/client/keyStore/keyManager.go:316.32,317.47 1 1
gitlab.com/elixxir/client/keyStore/keyManager.go:317.47,326.5 8 1
gitlab.com/elixxir/client/keyStore/keyManager.go:331.3,332.34 2 1
gitlab.com/elixxir/client/keyStore/keyManager.go:332.34,333.46 1 1
gitlab.com/elixxir/client/keyStore/keyManager.go:333.46,342.5 8 1
gitlab.com/elixxir/client/keyStore/keyManager.go:345.2,345.19 1 1
gitlab.com/elixxir/client/keyStore/keyManager.go:351.50,357.2 3 1
gitlab.com/elixxir/client/keyStore/keyManager.go:362.52,368.2 3 1
gitlab.com/elixxir/client/keyStore/keyManager.go:375.45,376.19 1 1
gitlab.com/elixxir/client/keyStore/keyManager.go:376.19,382.3 3 1
gitlab.com/elixxir/client/keyStore/keyManager.go:382.8,384.3 1 1
gitlab.com/elixxir/client/keyStore/keyManager.go:393.51,422.19 2 1
gitlab.com/elixxir/client/keyStore/keyManager.go:422.19,424.3 1 1
gitlab.com/elixxir/client/keyStore/keyManager.go:424.8,426.3 1 1
gitlab.com/elixxir/client/keyStore/keyManager.go:429.2,433.38 5 1
gitlab.com/elixxir/client/keyStore/keyManager.go:433.38,437.3 1 1
gitlab.com/elixxir/client/keyStore/keyManager.go:438.2,438.40 1 1
gitlab.com/elixxir/client/keyStore/keyManager.go:438.40,442.3 1 1
gitlab.com/elixxir/client/keyStore/keyManager.go:445.2,447.16 2 1
gitlab.com/elixxir/client/keyStore/keyManager.go:447.16,449.3 1 0
gitlab.com/elixxir/client/keyStore/keyManager.go:452.2,455.23 2 1
gitlab.com/elixxir/client/keyStore/keyManager.go:455.23,458.17 2 1
gitlab.com/elixxir/client/keyStore/keyManager.go:458.17,460.4 1 0
gitlab.com/elixxir/client/keyStore/keyManager.go:464.2,467.22 2 1
gitlab.com/elixxir/client/keyStore/keyManager.go:467.22,470.17 2 1
gitlab.com/elixxir/client/keyStore/keyManager.go:470.17,472.4 1 0
gitlab.com/elixxir/client/keyStore/keyManager.go:476.2,486.16 5 1
gitlab.com/elixxir/client/keyStore/keyManager.go:486.16,488.3 1 0
gitlab.com/elixxir/client/keyStore/keyManager.go:490.2,490.25 1 1
gitlab.com/elixxir/client/keyStore/keyManager.go:498.50,537.16 6 1
gitlab.com/elixxir/client/keyStore/keyManager.go:537.16,539.3 1 1
gitlab.com/elixxir/client/keyStore/keyManager.go:542.2,545.16 3 1
gitlab.com/elixxir/client/keyStore/keyManager.go:545.16,547.3 1 0
gitlab.com/elixxir/client/keyStore/keyManager.go:549.2,552.16 3 1
gitlab.com/elixxir/client/keyStore/keyManager.go:552.16,554.3 1 0
gitlab.com/elixxir/client/keyStore/keyManager.go:556.2,559.16 3 1
gitlab.com/elixxir/client/keyStore/keyManager.go:559.16,561.3 1 0
gitlab.com/elixxir/client/keyStore/keyManager.go:563.2,563.29 1 1
gitlab.com/elixxir/client/keyStore/keyManager.go:563.29,565.3 1 1
gitlab.com/elixxir/client/keyStore/keyManager.go:565.8,567.3 1 1
gitlab.com/elixxir/client/keyStore/keyManager.go:569.2,575.38 7 1
gitlab.com/elixxir/client/keyStore/keyManager.go:575.38,579.3 2 1
gitlab.com/elixxir/client/keyStore/keyManager.go:580.2,580.40 1 1
gitlab.com/elixxir/client/keyStore/keyManager.go:580.40,584.3 2 1
gitlab.com/elixxir/client/keyStore/keyManager.go:586.2,586.12 1 1
gitlab.com/elixxir/client/keyStore/keyStack.go:21.30,25.2 3 1
gitlab.com/elixxir/client/keyStore/keyStack.go:28.39,30.2 1 1
gitlab.com/elixxir/client/keyStore/keyStack.go:35.35,44.20 5 1
gitlab.com/elixxir/client/keyStore/keyStack.go:44.20,47.3 2 1
gitlab.com/elixxir/client/keyStore/keyStack.go:47.8,49.3 1 1
gitlab.com/elixxir/client/keyStore/keyStack.go:51.2,51.12 1 1
gitlab.com/elixxir/client/keyStore/keyStack.go:56.30,60.30 4 1
gitlab.com/elixxir/client/keyStore/keyStack.go:60.30,62.3 1 1
gitlab.com/elixxir/client/keyStore/keyStore.go:20.58,22.2 1 1
gitlab.com/elixxir/client/keyStore/keyStore.go:25.53,27.9 2 1
gitlab.com/elixxir/client/keyStore/keyStore.go:27.9,29.3 1 1
gitlab.com/elixxir/client/keyStore/keyStore.go:29.8,31.3 1 1
gitlab.com/elixxir/client/keyStore/keyStore.go:35.43,37.2 1 1
gitlab.com/elixxir/client/keyStore/keyStore.go:41.44,43.57 2 1
gitlab.com/elixxir/client/keyStore/keyStore.go:43.57,46.3 2 1
gitlab.com/elixxir/client/keyStore/keyStore.go:47.2,47.18 1 1
gitlab.com/elixxir/client/keyStore/keyStore.go:52.38,54.57 2 0
gitlab.com/elixxir/client/keyStore/keyStore.go:54.57,57.3 2 0
gitlab.com/elixxir/client/keyStore/keyStore.go:58.2,58.16 1 0
gitlab.com/elixxir/client/keyStore/keyStore.go:62.71,64.2 1 1
gitlab.com/elixxir/client/keyStore/keyStore.go:70.64,74.9 3 1
gitlab.com/elixxir/client/keyStore/keyStore.go:74.9,76.3 1 0
gitlab.com/elixxir/client/keyStore/keyStore.go:76.8,78.3 1 1
gitlab.com/elixxir/client/keyStore/keyStore.go:80.2,85.12 3 1
gitlab.com/elixxir/client/keyStore/keyStore.go:89.59,91.2 1 1
gitlab.com/elixxir/client/keyStore/keyStore.go:94.66,95.34 1 0
gitlab.com/elixxir/client/keyStore/keyStore.go:95.34,97.3 1 0
gitlab.com/elixxir/client/keyStore/keyStore.go:129.27,144.2 6 1
gitlab.com/elixxir/client/keyStore/keyStore.go:147.47,149.2 1 1
gitlab.com/elixxir/client/keyStore/keyStore.go:152.52,154.2 1 1
gitlab.com/elixxir/client/keyStore/keyStore.go:158.66,160.2 1 1
gitlab.com/elixxir/client/keyStore/keyStore.go:163.45,165.2 1 0
gitlab.com/elixxir/client/keyStore/keyStore.go:169.57,171.2 1 1
gitlab.com/elixxir/client/keyStore/keyStore.go:176.15,178.2 1 1
gitlab.com/elixxir/client/keyStore/keyStore.go:182.72,184.2 1 1
gitlab.com/elixxir/client/keyStore/keyStore.go:187.52,194.8 4 1
gitlab.com/elixxir/client/keyStore/keyStore.go:194.8,197.3 2 1
gitlab.com/elixxir/client/keyStore/keyStore.go:197.8,201.3 3 1
gitlab.com/elixxir/client/keyStore/keyStore.go:206.66,210.2 3 1
gitlab.com/elixxir/client/keyStore/keyStore.go:213.57,217.2 3 0
gitlab.com/elixxir/client/keyStore/keyStore.go:220.49,229.16 4 1
gitlab.com/elixxir/client/keyStore/keyStore.go:229.16,231.3 1 0
gitlab.com/elixxir/client/keyStore/keyStore.go:234.2,237.16 3 1
gitlab.com/elixxir/client/keyStore/keyStore.go:237.16,239.3 1 0
gitlab.com/elixxir/client/keyStore/keyStore.go:242.2,244.16 2 1
gitlab.com/elixxir/client/keyStore/keyStore.go:244.16,246.3 1 0
gitlab.com/elixxir/client/keyStore/keyStore.go:248.2,248.25 1 1
gitlab.com/elixxir/client/keyStore/keyStore.go:253.48,265.16 5 1
gitlab.com/elixxir/client/keyStore/keyStore.go:265.16,267.3 1 1
gitlab.com/elixxir/client/keyStore/keyStore.go:270.2,273.16 3 1
gitlab.com/elixxir/client/keyStore/keyStore.go:273.16,275.3 1 0
gitlab.com/elixxir/client/keyStore/keyStore.go:278.2,280.16 2 1
gitlab.com/elixxir/client/keyStore/keyStore.go:280.16,282.3 1 0
gitlab.com/elixxir/client/keyStore/keyStore.go:285.2,287.28 3 1
gitlab.com/elixxir/client/keyStore/keyStore.go:287.28,289.3 1 1
gitlab.com/elixxir/client/keyStore/keyStore.go:291.2,291.12 1 1
gitlab.com/elixxir/client/keyStore/keyStore.go:297.73,300.28 2 1
gitlab.com/elixxir/client/keyStore/keyStore.go:300.28,303.3 2 1
gitlab.com/elixxir/client/keyStore/keyStore.go:305.2,305.41 1 1
gitlab.com/elixxir/client/keyStore/keyStore.go:305.41,306.35 1 1
gitlab.com/elixxir/client/keyStore/keyStore.go:306.35,307.17 1 1
gitlab.com/elixxir/client/keyStore/keyStore.go:307.17,310.5 2 1
gitlab.com/elixxir/client/keyStore/keyStore.go:315.86,316.27 1 1
gitlab.com/elixxir/client/keyStore/keyStore.go:316.27,318.3 1 0
gitlab.com/elixxir/client/keyStore/keyStore.go:321.68,322.30 1 1
gitlab.com/elixxir/client/keyStore/keyStore.go:322.30,324.3 1 1
gitlab.com/elixxir/client/keyStore/keyStore.go:329.74,331.2 1 0
gitlab.com/elixxir/client/keyStore/recieveKeyManagerBuffer.go:14.64,18.2 3 1
gitlab.com/elixxir/client/keyStore/recieveKeyManagerBuffer.go:28.82,31.29 3 1
gitlab.com/elixxir/client/keyStore/recieveKeyManagerBuffer.go:31.29,35.3 2 1
gitlab.com/elixxir/client/keyStore/recieveKeyManagerBuffer.go:35.9,37.3 0 1
gitlab.com/elixxir/client/keyStore/recieveKeyManagerBuffer.go:39.2,41.19 2 1
gitlab.com/elixxir/client/keyStore/recieveKeyManagerBuffer.go:41.19,43.3 1 1
gitlab.com/elixxir/client/keyStore/recieveKeyManagerBuffer.go:43.8,47.3 1 1
gitlab.com/elixxir/client/keyStore/recieveKeyManagerBuffer.go:50.84,52.2 1 1
gitlab.com/elixxir/client/keyStore/recieveKeyManagerBuffer.go:54.60,56.2 1 1
gitlab.com/elixxir/client/keyStore/recieveKeyManagerBuffer.go:58.87,60.2 1 0
gitlab.com/elixxir/client/keyStore/recieveKeyManagerBuffer.go:62.68,67.42 2 1
gitlab.com/elixxir/client/keyStore/recieveKeyManagerBuffer.go:67.42,69.30 2 1
gitlab.com/elixxir/client/keyStore/recieveKeyManagerBuffer.go:69.30,71.4 1 1
gitlab.com/elixxir/client/keyStore/recieveKeyManagerBuffer.go:75.2,89.16 5 1
gitlab.com/elixxir/client/keyStore/recieveKeyManagerBuffer.go:89.16,93.3 2 0
gitlab.com/elixxir/client/keyStore/recieveKeyManagerBuffer.go:94.2,94.33 1 1
gitlab.com/elixxir/client/keyStore/recieveKeyManagerBuffer.go:98.67,114.16 6 1
gitlab.com/elixxir/client/keyStore/recieveKeyManagerBuffer.go:114.16,117.3 2 0
gitlab.com/elixxir/client/keyStore/recieveKeyManagerBuffer.go:119.2,121.42 2 1
gitlab.com/elixxir/client/keyStore/recieveKeyManagerBuffer.go:121.42,124.3 2 1
gitlab.com/elixxir/client/keyStore/recieveKeyManagerBuffer.go:126.2,126.12 1 1
gitlab.com/elixxir/client/keyStore/rekeyManager.go:22.41,23.47 1 1
gitlab.com/elixxir/client/keyStore/rekeyManager.go:23.47,28.3 4 1
gitlab.com/elixxir/client/keyStore/rekeyManager.go:37.38,42.2 1 1
gitlab.com/elixxir/client/keyStore/rekeyManager.go:45.21,49.2 3 1
gitlab.com/elixxir/client/keyStore/rekeyManager.go:51.65,55.2 3 1
gitlab.com/elixxir/client/keyStore/rekeyManager.go:57.54,61.2 3 1
gitlab.com/elixxir/client/keyStore/rekeyManager.go:64.19,68.2 3 1
gitlab.com/elixxir/client/keyStore/rekeyManager.go:70.63,74.2 3 1
gitlab.com/elixxir/client/keyStore/rekeyManager.go:76.55,80.2 3 1
gitlab.com/elixxir/client/parse/body.go:23.45,25.22 2 1
gitlab.com/elixxir/client/parse/body.go:25.22,28.3 1 1
gitlab.com/elixxir/client/parse/body.go:29.2,32.20 4 1
gitlab.com/elixxir/client/parse/body.go:36.35,39.2 1 1
gitlab.com/elixxir/client/parse/body.go:43.44,47.2 3 1
gitlab.com/elixxir/client/parse/message.go:41.38,43.2 1 1
gitlab.com/elixxir/client/parse/message.go:66.37,82.2 9 1
gitlab.com/elixxir/client/parse/message.go:84.40,86.2 1 1
gitlab.com/elixxir/client/parse/message.go:88.43,90.2 1 1
gitlab.com/elixxir/client/parse/message.go:92.39,94.2 1 1
gitlab.com/elixxir/client/parse/message.go:96.42,98.2 1 1
gitlab.com/elixxir/client/parse/message.go:100.46,102.2 1 1
gitlab.com/elixxir/client/parse/message.go:104.44,106.2 1 1
gitlab.com/elixxir/client/parse/message.go:108.33,110.2 1 1
gitlab.com/elixxir/client/parse/message.go:117.51,119.2 1 0
gitlab.com/elixxir/client/parse/message.go:121.54,123.2 1 0
gitlab.com/elixxir/client/parse/message.go:127.52,129.2 1 1
gitlab.com/elixxir/client/parse/message.go:131.55,133.2 1 1
gitlab.com/elixxir/client/parse/message.go:135.57,137.2 1 1
gitlab.com/elixxir/client/parse/message.go:139.53,141.2 1 1
gitlab.com/elixxir/client/parse/message.go:144.46,149.2 1 0
gitlab.com/elixxir/client/parse/partition.go:19.32,21.2 1 1
gitlab.com/elixxir/client/parse/partition.go:24.32,33.23 3 1
gitlab.com/elixxir/client/parse/partition.go:33.23,41.3 6 1
gitlab.com/elixxir/client/parse/partition.go:53.48,55.17 2 1
gitlab.com/elixxir/client/parse/partition.go:55.17,57.3 1 1
gitlab.com/elixxir/client/parse/partition.go:58.2,59.24 2 1
gitlab.com/elixxir/client/parse/partition.go:62.58,73.30 2 1
gitlab.com/elixxir/client/parse/partition.go:73.30,75.3 1 1
gitlab.com/elixxir/client/parse/partition.go:77.2,80.28 4 1
gitlab.com/elixxir/client/parse/partition.go:80.28,85.3 3 1
gitlab.com/elixxir/client/parse/partition.go:87.2,88.28 2 1
gitlab.com/elixxir/client/parse/partition.go:88.28,90.3 1 1
gitlab.com/elixxir/client/parse/partition.go:92.2,92.24 1 1
gitlab.com/elixxir/client/parse/partition.go:97.28,98.11 1 1
gitlab.com/elixxir/client/parse/partition.go:98.11,100.3 1 1
gitlab.com/elixxir/client/parse/partition.go:101.2,101.10 1 1
gitlab.com/elixxir/client/parse/partition.go:109.31,126.2 7 1
gitlab.com/elixxir/client/parse/partition.go:131.52,137.28 2 1
gitlab.com/elixxir/client/parse/partition.go:137.28,139.3 1 1
gitlab.com/elixxir/client/parse/partition.go:140.2,140.20 1 1
gitlab.com/elixxir/client/parse/partition.go:151.13,156.38 4 1
gitlab.com/elixxir/client/parse/partition.go:156.38,157.32 1 1
gitlab.com/elixxir/client/parse/partition.go:157.32,161.9 3 1
gitlab.com/elixxir/client/parse/partition.go:165.2,165.57 1 1
gitlab.com/elixxir/client/parse/partition.go:165.57,168.3 1 1
gitlab.com/elixxir/client/parse/partition.go:168.8,168.58 1 1
gitlab.com/elixxir/client/parse/partition.go:168.58,171.3 1 0
gitlab.com/elixxir/client/parse/partition.go:171.8,171.82 1 1
gitlab.com/elixxir/client/parse/partition.go:171.82,177.3 1 0
gitlab.com/elixxir/client/parse/partition.go:177.8,177.39 1 1
gitlab.com/elixxir/client/parse/partition.go:177.39,179.3 1 1
gitlab.com/elixxir/client/parse/partition.go:181.2,190.20 3 1
gitlab.com/elixxir/client/rekey/rekey.go:36.82,41.16 5 1
gitlab.com/elixxir/client/rekey/rekey.go:41.16,44.3 2 1
gitlab.com/elixxir/client/rekey/rekey.go:44.8,46.3 1 1
gitlab.com/elixxir/client/rekey/rekey.go:53.75,57.38 4 1
gitlab.com/elixxir/client/rekey/rekey.go:57.38,60.3 2 1
gitlab.com/elixxir/client/rekey/rekey.go:61.2,63.16 3 1
gitlab.com/elixxir/client/rekey/rekey.go:63.16,66.3 2 1
gitlab.com/elixxir/client/rekey/rekey.go:66.8,68.3 1 1
gitlab.com/elixxir/client/rekey/rekey.go:75.82,81.16 6 1
gitlab.com/elixxir/client/rekey/rekey.go:81.16,84.3 2 1
gitlab.com/elixxir/client/rekey/rekey.go:84.8,86.3 1 1
gitlab.com/elixxir/client/rekey/rekey.go:90.99,116.2 11 1
gitlab.com/elixxir/client/rekey/rekey.go:127.70,134.12 5 1
gitlab.com/elixxir/client/rekey/rekey.go:135.20,137.17 2 1
gitlab.com/elixxir/client/rekey/rekey.go:137.17,140.4 1 1
gitlab.com/elixxir/client/rekey/rekey.go:141.3,142.18 2 1
gitlab.com/elixxir/client/rekey/rekey.go:142.18,144.4 1 1
gitlab.com/elixxir/client/rekey/rekey.go:145.13,147.18 2 1
gitlab.com/elixxir/client/rekey/rekey.go:147.18,149.4 1 1
gitlab.com/elixxir/client/rekey/rekey.go:150.20,152.17 2 1
gitlab.com/elixxir/client/rekey/rekey.go:152.17,155.4 1 1
gitlab.com/elixxir/client/rekey/rekey.go:162.2,166.16 5 1
gitlab.com/elixxir/client/rekey/rekey.go:166.16,167.25 1 1
gitlab.com/elixxir/client/rekey/rekey.go:167.25,175.4 5 1
gitlab.com/elixxir/client/rekey/rekey.go:175.9,182.4 3 1
gitlab.com/elixxir/client/rekey/rekey.go:185.3,196.25 3 1
gitlab.com/elixxir/client/rekey/rekey.go:196.25,198.4 1 1
gitlab.com/elixxir/client/rekey/rekey.go:200.3,200.27 1 1
gitlab.com/elixxir/client/rekey/rekey.go:204.2,208.12 3 1
gitlab.com/elixxir/client/rekey/rekey.go:209.13,220.43 5 1
gitlab.com/elixxir/client/rekey/rekey.go:221.20,226.34 4 1
gitlab.com/elixxir/client/rekey/rekey.go:226.34,241.4 7 1
gitlab.com/elixxir/client/rekey/rekey.go:241.9,244.4 1 1
gitlab.com/elixxir/client/rekey/rekey.go:248.2,248.12 1 1
gitlab.com/elixxir/client/rekey/rekey.go:249.20,254.58 1 1
gitlab.com/elixxir/client/rekey/rekey.go:255.13,257.10 1 1
gitlab.com/elixxir/client/rekey/rekey.go:258.32,258.32 0 1
gitlab.com/elixxir/client/rekey/rekey.go:262.3,269.72 5 1
gitlab.com/elixxir/client/rekey/rekey.go:271.2,271.12 1 1
gitlab.com/elixxir/client/user/session.go:83.31,106.2 1 1
gitlab.com/elixxir/client/user/session.go:109.36,110.18 1 1
gitlab.com/elixxir/client/user/session.go:110.18,113.3 2 1
gitlab.com/elixxir/client/user/session.go:115.2,119.16 3 1
gitlab.com/elixxir/client/user/session.go:119.16,122.3 1 1
gitlab.com/elixxir/client/user/session.go:124.2,134.16 6 1
gitlab.com/elixxir/client/user/session.go:134.16,138.3 2 0
gitlab.com/elixxir/client/user/session.go:141.2,152.22 6 1
gitlab.com/elixxir/client/user/session.go:205.48,209.2 3 1
gitlab.com/elixxir/client/user/session.go:211.50,215.2 3 1
gitlab.com/elixxir/client/user/session.go:217.49,221.30 4 1
gitlab.com/elixxir/client/user/session.go:221.30,223.3 1 1
gitlab.com/elixxir/client/user/session.go:224.2,224.14 1 1
gitlab.com/elixxir/client/user/session.go:227.39,233.2 5 1
gitlab.com/elixxir/client/user/session.go:235.68,241.38 4 1
gitlab.com/elixxir/client/user/session.go:241.38,243.3 1 1
gitlab.com/elixxir/client/user/session.go:245.2,245.13 1 1
gitlab.com/elixxir/client/user/session.go:248.57,252.2 3 1
gitlab.com/elixxir/client/user/session.go:254.55,258.2 3 1
gitlab.com/elixxir/client/user/session.go:260.56,264.2 3 1
gitlab.com/elixxir/client/user/session.go:266.55,270.2 3 1
gitlab.com/elixxir/client/user/session.go:272.55,276.2 3 1
gitlab.com/elixxir/client/user/session.go:278.54,282.2 3 1
gitlab.com/elixxir/client/user/session.go:284.51,288.2 3 1
gitlab.com/elixxir/client/user/session.go:290.66,294.2 3 1
gitlab.com/elixxir/client/user/session.go:296.50,300.2 3 1
gitlab.com/elixxir/client/user/session.go:303.59,307.26 3 1
gitlab.com/elixxir/client/user/session.go:307.26,314.3 1 1
gitlab.com/elixxir/client/user/session.go:315.2,315.20 1 1
gitlab.com/elixxir/client/user/session.go:318.43,320.20 1 1
gitlab.com/elixxir/client/user/session.go:320.20,323.3 2 0
gitlab.com/elixxir/client/user/session.go:325.2,328.16 3 1
gitlab.com/elixxir/client/user/session.go:328.16,331.3 1 0
gitlab.com/elixxir/client/user/session.go:333.2,333.12 1 1
gitlab.com/elixxir/client/user/session.go:337.43,342.2 4 1
gitlab.com/elixxir/client/user/session.go:346.39,348.14 2 1
gitlab.com/elixxir/client/user/session.go:348.14,351.3 2 0
gitlab.com/elixxir/client/user/session.go:356.2,362.12 5 1
gitlab.com/elixxir/client/user/session.go:366.71,372.2 5 1
gitlab.com/elixxir/client/user/session.go:375.64,379.9 4 1
gitlab.com/elixxir/client/user/session.go:379.9,382.3 2 1
gitlab.com/elixxir/client/user/session.go:383.2,384.21 2 1
gitlab.com/elixxir/client/user/session.go:387.50,393.2 5 1
gitlab.com/elixxir/client/user/session.go:395.55,399.2 3 0
gitlab.com/elixxir/client/user/session.go:401.55,403.2 1 1
gitlab.com/elixxir/client/user/session.go:405.63,407.2 1 1
gitlab.com/elixxir/client/user/session.go:409.64,411.2 1 1
gitlab.com/elixxir/client/user/session.go:413.50,415.2 1 1
gitlab.com/elixxir/client/user/session.go:417.55,424.16 4 1
gitlab.com/elixxir/client/user/session.go:424.16,428.3 2 0
gitlab.com/elixxir/client/user/session.go:429.2,429.29 1 1
gitlab.com/elixxir/client/user/session.go:434.36,436.2 1 1
gitlab.com/elixxir/client/user/session.go:438.38,440.2 1 1
gitlab.com/elixxir/client/user/session.go:442.36,446.2 1 0
gitlab.com/elixxir/client/user/session.go:449.37,455.2 3 1
gitlab.com/elixxir/client/user/session.go:459.43,463.2 3 1
gitlab.com/elixxir/client/user/session.go:465.46,469.16 3 1
gitlab.com/elixxir/client/user/session.go:469.16,472.3 1 0
gitlab.com/elixxir/client/user/session.go:473.2,473.15 1 1
gitlab.com/elixxir/client/user/session.go:476.51,479.59 3 1
gitlab.com/elixxir/client/user/session.go:479.59,482.3 1 0
gitlab.com/elixxir/client/user/session.go:483.2,484.19 2 1
gitlab.com/elixxir/client/user/session.go:487.60,492.16 5 1
gitlab.com/elixxir/client/user/session.go:492.16,494.3 1 1
gitlab.com/elixxir/client/user/session.go:495.2,495.23 1 1
gitlab.com/elixxir/client/user/session.go:501.72,503.2 1 1
gitlab.com/elixxir/client/user/session.go:507.61,511.2 3 1
gitlab.com/elixxir/client/user/user.go:28.42,30.2 1 1
gitlab.com/elixxir/client/user/user.go:56.46,57.59 1 1
gitlab.com/elixxir/client/user/user.go:57.59,59.3 1 0
gitlab.com/elixxir/client/user/user.go:60.2,66.45 4 1
gitlab.com/elixxir/client/user/user.go:66.45,85.49 13 1
gitlab.com/elixxir/client/user/user.go:85.49,89.4 1 0
gitlab.com/elixxir/client/user/user.go:90.3,91.18 2 1
gitlab.com/elixxir/client/user/user.go:95.2,95.42 1 1
gitlab.com/elixxir/client/user/user.go:95.42,98.3 2 1
gitlab.com/elixxir/client/user/user.go:100.2,100.45 1 1
gitlab.com/elixxir/client/user/user.go:100.45,103.3 2 1
gitlab.com/elixxir/client/user/user.go:106.2,109.19 1 1
gitlab.com/elixxir/client/user/user.go:120.33,121.14 1 1
gitlab.com/elixxir/client/user/user.go:121.14,123.3 1 1
gitlab.com/elixxir/client/user/user.go:124.2,127.11 4 1
gitlab.com/elixxir/client/user/user.go:131.63,133.2 1 1
gitlab.com/elixxir/client/user/user.go:137.62,141.2 3 1
gitlab.com/elixxir/client/user/user.go:144.43,147.2 1 1
gitlab.com/elixxir/client/user/user.go:151.42,153.2 1 1
gitlab.com/elixxir/client/user/user.go:156.36,158.2 1 1
gitlab.com/elixxir/client/user/user.go:161.59,164.2 2 1
gitlab.com/elixxir/client/user/user.go:167.62,170.2 2 1
