mode: set
gitlab.com/elixxir/client/api/client.go:61.47,70.2 3 0
gitlab.com/elixxir/client/api/client.go:76.65,78.18 1 1
gitlab.com/elixxir/client/api/client.go:78.18,81.3 1 0
gitlab.com/elixxir/client/api/client.go:81.8,85.17 4 1
gitlab.com/elixxir/client/api/client.go:85.17,87.4 1 0
gitlab.com/elixxir/client/api/client.go:88.3,89.17 2 1
gitlab.com/elixxir/client/api/client.go:89.17,92.4 1 0
gitlab.com/elixxir/client/api/client.go:93.3,95.17 2 1
gitlab.com/elixxir/client/api/client.go:95.17,98.4 1 0
gitlab.com/elixxir/client/api/client.go:100.3,101.17 2 1
gitlab.com/elixxir/client/api/client.go:101.17,103.4 1 0
gitlab.com/elixxir/client/api/client.go:104.3,117.17 6 1
gitlab.com/elixxir/client/api/client.go:117.17,119.4 1 0
gitlab.com/elixxir/client/api/client.go:122.2,123.16 2 1
gitlab.com/elixxir/client/api/client.go:123.16,125.3 1 0
gitlab.com/elixxir/client/api/client.go:126.2,126.16 1 1
gitlab.com/elixxir/client/api/client.go:130.35,135.16 3 1
gitlab.com/elixxir/client/api/client.go:135.16,137.38 1 0
gitlab.com/elixxir/client/api/client.go:137.38,140.4 2 0
gitlab.com/elixxir/client/api/client.go:142.3,144.28 3 0
gitlab.com/elixxir/client/api/client.go:147.2,151.12 3 1
gitlab.com/elixxir/client/api/client.go:159.57,161.14 2 1
gitlab.com/elixxir/client/api/client.go:161.14,165.3 2 0
gitlab.com/elixxir/client/api/client.go:165.8,167.3 1 1
gitlab.com/elixxir/client/api/client.go:169.2,171.16 2 1
gitlab.com/elixxir/client/api/client.go:171.16,175.3 3 0
gitlab.com/elixxir/client/api/client.go:177.2,183.36 6 1
gitlab.com/elixxir/client/api/client.go:183.36,185.3 1 1
gitlab.com/elixxir/client/api/client.go:188.2,193.26 3 1
gitlab.com/elixxir/client/api/client.go:193.26,195.3 1 1
gitlab.com/elixxir/client/api/client.go:197.2,199.16 2 1
gitlab.com/elixxir/client/api/client.go:204.32,207.2 2 1
gitlab.com/elixxir/client/api/client.go:210.51,212.2 1 0
gitlab.com/elixxir/client/api/client.go:216.35,218.39 1 1
gitlab.com/elixxir/client/api/client.go:218.39,222.17 3 1
gitlab.com/elixxir/client/api/client.go:222.17,224.4 1 0
gitlab.com/elixxir/client/api/client.go:225.3,225.19 1 1
gitlab.com/elixxir/client/api/client.go:225.19,228.4 2 0
gitlab.com/elixxir/client/api/client.go:230.3,231.17 2 1
gitlab.com/elixxir/client/api/client.go:231.17,233.4 1 0
gitlab.com/elixxir/client/api/client.go:236.3,237.17 2 1
gitlab.com/elixxir/client/api/client.go:237.17,240.4 1 0
gitlab.com/elixxir/client/api/client.go:241.8,243.3 1 0
gitlab.com/elixxir/client/api/client.go:246.2,247.36 2 1
gitlab.com/elixxir/client/api/client.go:247.36,249.3 1 1
gitlab.com/elixxir/client/api/client.go:251.2,255.51 2 1
gitlab.com/elixxir/client/api/client.go:255.51,257.17 2 1
gitlab.com/elixxir/client/api/client.go:257.17,259.4 1 0
gitlab.com/elixxir/client/api/client.go:260.3,260.10 1 1
gitlab.com/elixxir/client/api/client.go:260.10,264.4 2 0
gitlab.com/elixxir/client/api/client.go:265.8,269.3 1 0
gitlab.com/elixxir/client/api/client.go:270.2,270.43 1 1
gitlab.com/elixxir/client/api/client.go:273.79,274.28 1 0
gitlab.com/elixxir/client/api/client.go:274.28,274.41 1 0
gitlab.com/elixxir/client/api/client.go:281.82,296.16 6 0
gitlab.com/elixxir/client/api/client.go:296.16,300.3 3 0
gitlab.com/elixxir/client/api/client.go:303.2,308.16 4 0
gitlab.com/elixxir/client/api/client.go:308.16,312.3 3 0
gitlab.com/elixxir/client/api/client.go:312.9,313.3 0 0
gitlab.com/elixxir/client/api/client.go:314.2,320.3 2 0
gitlab.com/elixxir/client/api/client.go:326.68,328.66 1 1
gitlab.com/elixxir/client/api/client.go:328.66,330.3 1 0
gitlab.com/elixxir/client/api/client.go:332.2,352.26 9 1
gitlab.com/elixxir/client/api/client.go:352.26,354.17 2 1
gitlab.com/elixxir/client/api/client.go:354.17,356.4 1 0
gitlab.com/elixxir/client/api/client.go:359.2,363.16 3 1
gitlab.com/elixxir/client/api/client.go:363.16,365.3 1 0
gitlab.com/elixxir/client/api/client.go:367.2,372.16 4 1
gitlab.com/elixxir/client/api/client.go:372.16,374.3 1 0
gitlab.com/elixxir/client/api/client.go:376.2,383.12 4 1
gitlab.com/elixxir/client/api/client.go:383.12,387.17 4 1
gitlab.com/elixxir/client/api/client.go:387.17,390.4 2 0
gitlab.com/elixxir/client/api/client.go:391.8,398.17 6 0
gitlab.com/elixxir/client/api/client.go:398.17,401.4 2 0
gitlab.com/elixxir/client/api/client.go:404.3,409.66 3 0
gitlab.com/elixxir/client/api/client.go:409.66,412.18 3 0
gitlab.com/elixxir/client/api/client.go:412.18,415.5 2 0
gitlab.com/elixxir/client/api/client.go:417.3,426.34 6 0
gitlab.com/elixxir/client/api/client.go:426.34,429.14 2 0
gitlab.com/elixxir/client/api/client.go:429.14,435.5 2 0
gitlab.com/elixxir/client/api/client.go:437.4,440.25 3 0
gitlab.com/elixxir/client/api/client.go:440.25,442.20 2 0
gitlab.com/elixxir/client/api/client.go:442.20,444.6 1 0
gitlab.com/elixxir/client/api/client.go:444.11,446.6 1 0
gitlab.com/elixxir/client/api/client.go:450.4,450.19 1 0
gitlab.com/elixxir/client/api/client.go:450.19,453.5 2 0
gitlab.com/elixxir/client/api/client.go:457.3,458.17 2 0
gitlab.com/elixxir/client/api/client.go:458.17,460.4 1 0
gitlab.com/elixxir/client/api/client.go:460.9,462.4 1 0
gitlab.com/elixxir/client/api/client.go:463.3,464.27 2 0
gitlab.com/elixxir/client/api/client.go:467.2,483.21 6 1
gitlab.com/elixxir/client/api/client.go:483.21,489.3 3 0
gitlab.com/elixxir/client/api/client.go:491.2,492.16 2 1
gitlab.com/elixxir/client/api/client.go:492.16,494.3 1 0
gitlab.com/elixxir/client/api/client.go:495.2,497.17 2 1
gitlab.com/elixxir/client/api/client.go:503.43,505.53 2 0
gitlab.com/elixxir/client/api/client.go:505.53,507.3 1 0
gitlab.com/elixxir/client/api/client.go:509.2,513.17 3 0
gitlab.com/elixxir/client/api/client.go:513.17,521.3 5 0
gitlab.com/elixxir/client/api/client.go:521.8,524.3 1 0
gitlab.com/elixxir/client/api/client.go:525.2,525.12 1 0
gitlab.com/elixxir/client/api/client.go:529.58,532.16 2 1
gitlab.com/elixxir/client/api/client.go:532.16,537.3 3 0
gitlab.com/elixxir/client/api/client.go:539.2,539.20 1 1
gitlab.com/elixxir/client/api/client.go:539.20,541.3 1 0
gitlab.com/elixxir/client/api/client.go:543.2,561.16 11 1
gitlab.com/elixxir/client/api/client.go:561.16,565.3 3 0
gitlab.com/elixxir/client/api/client.go:568.2,576.33 5 1
gitlab.com/elixxir/client/api/client.go:576.33,578.13 2 1
gitlab.com/elixxir/client/api/client.go:578.13,581.34 2 1
gitlab.com/elixxir/client/api/client.go:581.34,584.5 1 0
gitlab.com/elixxir/client/api/client.go:585.4,585.13 1 1
gitlab.com/elixxir/client/api/client.go:587.3,587.12 1 1
gitlab.com/elixxir/client/api/client.go:591.2,592.23 2 1
gitlab.com/elixxir/client/api/client.go:592.23,594.18 2 0
gitlab.com/elixxir/client/api/client.go:594.18,596.4 1 0
gitlab.com/elixxir/client/api/client.go:596.9,598.4 1 0
gitlab.com/elixxir/client/api/client.go:602.2,602.17 1 1
gitlab.com/elixxir/client/api/client.go:602.17,605.3 2 0
gitlab.com/elixxir/client/api/client.go:607.2,608.46 2 1
gitlab.com/elixxir/client/api/client.go:613.48,615.53 2 1
gitlab.com/elixxir/client/api/client.go:615.53,617.3 1 0
gitlab.com/elixxir/client/api/client.go:620.2,629.12 5 1
gitlab.com/elixxir/client/api/client.go:634.34,636.2 1 0
gitlab.com/elixxir/client/api/client.go:640.62,642.53 2 0
gitlab.com/elixxir/client/api/client.go:642.53,644.3 1 0
gitlab.com/elixxir/client/api/client.go:647.2,649.101 3 0
gitlab.com/elixxir/client/api/client.go:654.49,656.2 1 0
gitlab.com/elixxir/client/api/client.go:660.49,662.2 1 0
gitlab.com/elixxir/client/api/client.go:664.101,670.2 3 1
gitlab.com/elixxir/client/api/client.go:672.56,674.2 1 1
gitlab.com/elixxir/client/api/client.go:676.61,678.2 1 1
gitlab.com/elixxir/client/api/client.go:680.45,682.2 1 1
gitlab.com/elixxir/client/api/client.go:684.54,686.2 1 0
gitlab.com/elixxir/client/api/client.go:688.45,690.2 1 0
gitlab.com/elixxir/client/api/client.go:696.34,697.23 1 1
gitlab.com/elixxir/client/api/client.go:697.23,701.3 3 0
gitlab.com/elixxir/client/api/client.go:704.2,707.42 2 1
gitlab.com/elixxir/client/api/client.go:707.42,709.3 1 1
gitlab.com/elixxir/client/api/client.go:711.2,713.21 2 1
gitlab.com/elixxir/client/api/client.go:713.21,718.3 3 0
gitlab.com/elixxir/client/api/client.go:720.2,723.24 3 1
gitlab.com/elixxir/client/api/client.go:723.24,728.3 3 0
gitlab.com/elixxir/client/api/client.go:730.2,730.12 1 1
gitlab.com/elixxir/client/api/client.go:734.31,736.2 1 0
gitlab.com/elixxir/client/api/client.go:739.45,741.2 1 0
gitlab.com/elixxir/client/api/client.go:750.21,752.53 2 0
gitlab.com/elixxir/client/api/client.go:752.53,755.3 2 0
gitlab.com/elixxir/client/api/client.go:757.2,758.12 2 0
gitlab.com/elixxir/client/api/client.go:758.12,760.48 2 0
gitlab.com/elixxir/client/api/client.go:760.48,763.18 3 0
gitlab.com/elixxir/client/api/client.go:763.18,766.5 2 0
gitlab.com/elixxir/client/api/client.go:768.4,769.18 2 0
gitlab.com/elixxir/client/api/client.go:769.18,772.5 2 0
gitlab.com/elixxir/client/api/client.go:776.4,776.11 1 0
gitlab.com/elixxir/client/api/client.go:777.36,777.36 0 0
gitlab.com/elixxir/client/api/client.go:778.12,778.12 0 0
gitlab.com/elixxir/client/api/client.go:781.4,781.36 1 0
gitlab.com/elixxir/client/api/client.go:783.9,784.18 1 0
gitlab.com/elixxir/client/api/client.go:784.18,788.5 3 0
gitlab.com/elixxir/client/api/client.go:788.10,791.5 2 0
gitlab.com/elixxir/client/api/client.go:805.25,806.12 1 0
gitlab.com/elixxir/client/api/client.go:806.12,808.54 2 0
gitlab.com/elixxir/client/api/client.go:808.54,811.4 2 0
gitlab.com/elixxir/client/api/client.go:812.3,813.17 2 0
gitlab.com/elixxir/client/api/client.go:813.17,815.4 1 0
gitlab.com/elixxir/client/api/client.go:816.3,816.25 1 0
gitlab.com/elixxir/client/api/client.go:827.43,829.2 1 0
gitlab.com/elixxir/client/api/client.go:831.44,833.2 1 1
gitlab.com/elixxir/client/api/client.go:835.46,837.2 1 0
gitlab.com/elixxir/client/api/client.go:839.47,841.2 1 1
gitlab.com/elixxir/client/api/client.go:843.49,845.2 1 0
gitlab.com/elixxir/client/api/client.go:847.45,849.2 1 0
gitlab.com/elixxir/client/api/client.go:853.58,858.16 3 1
gitlab.com/elixxir/client/api/client.go:858.16,860.3 1 0
gitlab.com/elixxir/client/api/client.go:862.2,865.16 3 1
gitlab.com/elixxir/client/api/client.go:868.52,870.2 1 0
gitlab.com/elixxir/client/api/client.go:873.34,875.2 1 1
gitlab.com/elixxir/client/api/mockserver.go:32.42,34.2 1 0
gitlab.com/elixxir/client/api/mockserver.go:36.45,38.2 1 0
gitlab.com/elixxir/client/api/mockserver.go:40.41,42.2 1 0
gitlab.com/elixxir/client/api/mockserver.go:44.44,46.2 1 0
gitlab.com/elixxir/client/api/mockserver.go:48.54,50.2 1 0
gitlab.com/elixxir/client/api/mockserver.go:52.46,54.2 1 0
gitlab.com/elixxir/client/api/mockserver.go:56.35,62.2 1 0
gitlab.com/elixxir/client/api/mockserver.go:72.33,74.2 1 0
gitlab.com/elixxir/client/api/mockserver.go:78.37,80.2 1 0
gitlab.com/elixxir/client/api/mockserver.go:84.55,87.2 2 0
gitlab.com/elixxir/client/api/mockserver.go:89.121,95.2 2 0
gitlab.com/elixxir/client/api/mockserver.go:103.75,105.2 1 0
gitlab.com/elixxir/client/api/mockserver.go:107.80,112.2 3 1
gitlab.com/elixxir/client/api/mockserver.go:114.43,135.2 3 1
gitlab.com/elixxir/client/api/mockserver.go:139.39,141.2 1 0
gitlab.com/elixxir/client/api/mockserver.go:143.82,145.2 1 1
gitlab.com/elixxir/client/api/mockserver.go:147.32,168.2 3 0
gitlab.com/elixxir/client/api/mockserver.go:171.83,176.2 2 0
gitlab.com/elixxir/client/api/mockserver.go:185.52,188.2 2 1
gitlab.com/elixxir/client/api/mockserver.go:190.45,192.2 1 0
gitlab.com/elixxir/client/api/mockserver.go:194.45,196.30 2 1
gitlab.com/elixxir/client/api/mockserver.go:196.30,198.3 1 1
gitlab.com/elixxir/client/api/mockserver.go:199.2,199.12 1 1
gitlab.com/elixxir/client/api/mockserver.go:202.31,204.2 1 0
gitlab.com/elixxir/client/api/mockserver.go:206.33,208.2 1 0
gitlab.com/elixxir/client/api/mockserver.go:210.38,212.2 1 1
gitlab.com/elixxir/client/api/mockserver.go:218.53,220.2 1 0
gitlab.com/elixxir/client/api/private.go:26.89,36.18 7 1
gitlab.com/elixxir/client/api/private.go:36.18,38.3 1 0
gitlab.com/elixxir/client/api/private.go:40.2,43.17 3 1
gitlab.com/elixxir/client/api/private.go:43.17,46.3 2 0
gitlab.com/elixxir/client/api/private.go:48.2,48.16 1 1
gitlab.com/elixxir/client/api/private.go:48.16,50.3 1 0
gitlab.com/elixxir/client/api/private.go:52.2,54.18 2 1
gitlab.com/elixxir/client/api/private.go:54.18,57.3 2 0
gitlab.com/elixxir/client/api/private.go:59.2,59.44 1 1
gitlab.com/elixxir/client/api/private.go:59.44,61.3 1 1
gitlab.com/elixxir/client/api/private.go:62.2,62.24 1 1
gitlab.com/elixxir/client/api/private.go:68.47,71.16 3 0
gitlab.com/elixxir/client/api/private.go:71.16,73.3 1 0
gitlab.com/elixxir/client/api/private.go:74.2,74.16 1 0
gitlab.com/elixxir/client/api/private.go:74.16,76.3 1 0
gitlab.com/elixxir/client/api/private.go:77.2,85.16 3 0
gitlab.com/elixxir/client/api/private.go:85.16,88.3 2 0
gitlab.com/elixxir/client/api/private.go:89.2,89.26 1 0
gitlab.com/elixxir/client/api/private.go:89.26,91.3 1 0
gitlab.com/elixxir/client/api/private.go:92.2,94.36 2 0
gitlab.com/elixxir/client/api/private.go:102.75,114.16 11 0
gitlab.com/elixxir/client/api/private.go:114.16,116.3 1 0
gitlab.com/elixxir/client/api/private.go:119.2,132.16 2 0
gitlab.com/elixxir/client/api/private.go:132.16,136.3 2 0
gitlab.com/elixxir/client/api/private.go:137.2,137.31 1 0
gitlab.com/elixxir/client/api/private.go:137.31,140.3 2 0
gitlab.com/elixxir/client/api/private.go:143.2,143.57 1 0
gitlab.com/elixxir/client/api/private.go:151.57,161.16 8 0
gitlab.com/elixxir/client/api/private.go:161.16,165.3 2 0
gitlab.com/elixxir/client/api/private.go:169.2,177.16 3 0
gitlab.com/elixxir/client/api/private.go:177.16,181.3 2 0
gitlab.com/elixxir/client/api/private.go:182.2,182.33 1 0
gitlab.com/elixxir/client/api/private.go:182.33,186.3 2 0
gitlab.com/elixxir/client/api/private.go:187.2,187.12 1 0
gitlab.com/elixxir/client/api/private.go:191.30,194.99 1 0
gitlab.com/elixxir/client/api/private.go:194.99,197.3 1 0
gitlab.com/elixxir/client/api/private.go:199.2,199.53 1 0
gitlab.com/elixxir/client/api/private.go:199.53,201.3 1 0
gitlab.com/elixxir/client/api/private.go:204.2,252.12 18 0
gitlab.com/elixxir/client/bindings/client.go:32.89,38.2 3 1
gitlab.com/elixxir/client/bindings/client.go:41.56,43.2 1 1
gitlab.com/elixxir/client/bindings/client.go:45.47,47.2 1 0
gitlab.com/elixxir/client/bindings/client.go:63.49,65.20 2 1
gitlab.com/elixxir/client/bindings/client.go:65.20,67.3 1 1
gitlab.com/elixxir/client/bindings/client.go:69.2,73.61 3 1
gitlab.com/elixxir/client/bindings/client.go:73.61,75.3 1 1
gitlab.com/elixxir/client/bindings/client.go:77.2,79.33 2 1
gitlab.com/elixxir/client/bindings/client.go:84.32,87.2 2 1
gitlab.com/elixxir/client/bindings/client.go:89.37,93.2 3 0
gitlab.com/elixxir/client/bindings/client.go:98.35,101.2 2 1
gitlab.com/elixxir/client/bindings/client.go:105.83,106.21 1 0
gitlab.com/elixxir/client/bindings/client.go:106.21,108.3 1 0
gitlab.com/elixxir/client/bindings/client.go:109.2,109.45 1 0
gitlab.com/elixxir/client/bindings/client.go:119.105,126.16 3 1
gitlab.com/elixxir/client/bindings/client.go:126.16,128.3 1 0
gitlab.com/elixxir/client/bindings/client.go:130.2,130.20 1 1
gitlab.com/elixxir/client/bindings/client.go:136.43,139.2 2 0
gitlab.com/elixxir/client/bindings/client.go:144.70,148.2 2 1
gitlab.com/elixxir/client/bindings/client.go:152.48,155.2 2 1
gitlab.com/elixxir/client/bindings/client.go:164.55,169.13 4 0
gitlab.com/elixxir/client/bindings/client.go:169.13,171.3 1 0
gitlab.com/elixxir/client/bindings/client.go:171.8,173.3 1 0
gitlab.com/elixxir/client/bindings/client.go:175.2,183.4 1 0
gitlab.com/elixxir/client/bindings/client.go:188.34,190.2 1 1
gitlab.com/elixxir/client/bindings/client.go:193.31,195.2 1 0
gitlab.com/elixxir/client/bindings/client.go:202.45,204.2 1 0
gitlab.com/elixxir/client/bindings/client.go:208.49,210.2 1 0
gitlab.com/elixxir/client/bindings/client.go:214.46,216.2 1 0
gitlab.com/elixxir/client/bindings/client.go:219.21,222.2 2 0
gitlab.com/elixxir/client/bindings/client.go:228.25,232.2 3 0
gitlab.com/elixxir/client/bindings/client.go:236.52,238.2 1 1
gitlab.com/elixxir/client/bindings/client.go:240.59,242.2 1 1
gitlab.com/elixxir/client/bindings/client.go:244.45,246.2 1 0
gitlab.com/elixxir/client/bindings/client.go:248.48,250.2 1 1
gitlab.com/elixxir/client/bindings/client.go:252.38,254.2 1 1
gitlab.com/elixxir/client/bindings/client.go:258.29,260.2 1 1
gitlab.com/elixxir/client/bindings/client.go:263.52,265.2 1 0
gitlab.com/elixxir/client/bindings/client.go:271.44,274.2 2 0
gitlab.com/elixxir/client/bindings/interfaces.go:60.76,63.2 2 1
gitlab.com/elixxir/client/bindings/interfaces.go:74.76,76.2 1 0
gitlab.com/elixxir/client/bindings/interfaces.go:88.64,90.2 1 0
gitlab.com/elixxir/client/bots/bots.go:23.85,26.2 2 1
gitlab.com/elixxir/client/bots/bots.go:38.77,47.2 5 1
gitlab.com/elixxir/client/bots/bots.go:52.90,82.2 18 1
gitlab.com/elixxir/client/bots/bots.go:87.56,90.2 1 1
gitlab.com/elixxir/client/bots/bots.go:93.48,101.16 4 1
gitlab.com/elixxir/client/bots/bots.go:101.16,103.3 1 1
gitlab.com/elixxir/client/bots/bots.go:105.2,106.26 2 1
gitlab.com/elixxir/client/bots/userDiscovery.go:28.85,33.26 3 1
gitlab.com/elixxir/client/bots/userDiscovery.go:33.26,35.17 2 1
gitlab.com/elixxir/client/bots/userDiscovery.go:35.17,37.4 1 0
gitlab.com/elixxir/client/bots/userDiscovery.go:40.2,46.16 4 1
gitlab.com/elixxir/client/bots/userDiscovery.go:46.16,48.54 2 1
gitlab.com/elixxir/client/bots/userDiscovery.go:48.54,51.4 1 1
gitlab.com/elixxir/client/bots/userDiscovery.go:52.3,52.53 1 0
gitlab.com/elixxir/client/bots/userDiscovery.go:55.2,64.16 4 1
gitlab.com/elixxir/client/bots/userDiscovery.go:64.16,66.43 2 1
gitlab.com/elixxir/client/bots/userDiscovery.go:66.43,68.4 1 0
gitlab.com/elixxir/client/bots/userDiscovery.go:69.3,69.13 1 1
gitlab.com/elixxir/client/bots/userDiscovery.go:70.8,72.3 1 0
gitlab.com/elixxir/client/bots/userDiscovery.go:78.88,82.26 3 1
gitlab.com/elixxir/client/bots/userDiscovery.go:82.26,84.17 2 1
gitlab.com/elixxir/client/bots/userDiscovery.go:84.17,86.4 1 0
gitlab.com/elixxir/client/bots/userDiscovery.go:89.2,96.16 4 1
gitlab.com/elixxir/client/bots/userDiscovery.go:96.16,98.3 1 0
gitlab.com/elixxir/client/bots/userDiscovery.go:99.2,101.23 3 1
gitlab.com/elixxir/client/bots/userDiscovery.go:101.23,103.3 1 0
gitlab.com/elixxir/client/bots/userDiscovery.go:105.2,106.28 2 1
gitlab.com/elixxir/client/bots/userDiscovery.go:106.28,108.3 1 0
gitlab.com/elixxir/client/bots/userDiscovery.go:110.2,118.16 4 1
gitlab.com/elixxir/client/bots/userDiscovery.go:118.16,120.3 1 0
gitlab.com/elixxir/client/bots/userDiscovery.go:121.2,125.23 4 1
gitlab.com/elixxir/client/bots/userDiscovery.go:125.23,129.3 1 0
gitlab.com/elixxir/client/bots/userDiscovery.go:131.2,131.32 1 1
gitlab.com/elixxir/client/bots/userDiscovery.go:134.46,143.16 7 1
gitlab.com/elixxir/client/bots/userDiscovery.go:143.16,146.3 2 0
gitlab.com/elixxir/client/bots/userDiscovery.go:148.2,149.16 2 1
gitlab.com/elixxir/client/bots/userDiscovery.go:149.16,152.3 2 0
gitlab.com/elixxir/client/bots/userDiscovery.go:154.2,154.26 1 1
gitlab.com/elixxir/client/bots/userDiscovery.go:159.49,162.24 3 1
gitlab.com/elixxir/client/bots/userDiscovery.go:162.24,164.3 1 0
gitlab.com/elixxir/client/bots/userDiscovery.go:166.2,167.16 2 1
gitlab.com/elixxir/client/bots/userDiscovery.go:167.16,169.3 1 0
gitlab.com/elixxir/client/bots/userDiscovery.go:170.2,172.29 2 1
gitlab.com/elixxir/client/bots/userDiscovery.go:177.37,179.24 2 1
gitlab.com/elixxir/client/bots/userDiscovery.go:179.24,182.3 2 0
gitlab.com/elixxir/client/bots/userDiscovery.go:183.2,184.36 2 1
gitlab.com/elixxir/client/bots/userDiscovery.go:184.36,187.3 2 0
gitlab.com/elixxir/client/bots/userDiscovery.go:188.2,188.15 1 1
gitlab.com/elixxir/client/bots/userDiscovery.go:192.68,205.26 7 1
gitlab.com/elixxir/client/bots/userDiscovery.go:205.26,207.3 1 1
gitlab.com/elixxir/client/bots/userDiscovery.go:208.2,208.12 1 1
gitlab.com/elixxir/client/bots/userDiscovery.go:212.51,220.16 5 0
gitlab.com/elixxir/client/bots/userDiscovery.go:220.16,222.3 1 0
gitlab.com/elixxir/client/bots/userDiscovery.go:223.2,224.32 2 0
gitlab.com/elixxir/client/bots/userDiscovery.go:224.32,226.3 1 0
gitlab.com/elixxir/client/bots/userDiscovery.go:227.2,227.14 1 0
gitlab.com/elixxir/client/bots/userDiscovery.go:232.43,236.2 3 1
gitlab.com/elixxir/client/cmixproto/types.pb.go:161.31,163.2 1 0
gitlab.com/elixxir/client/cmixproto/types.pb.go:165.46,167.2 1 0
gitlab.com/elixxir/client/cmixproto/types.pb.go:213.45,215.2 1 0
gitlab.com/elixxir/client/cmixproto/types.pb.go:217.60,219.2 1 0
gitlab.com/elixxir/client/cmixproto/types.pb.go:250.47,252.2 1 0
gitlab.com/elixxir/client/cmixproto/types.pb.go:254.62,256.2 1 0
gitlab.com/elixxir/client/cmixproto/types.pb.go:274.39,274.61 1 0
gitlab.com/elixxir/client/cmixproto/types.pb.go:275.39,275.76 1 0
gitlab.com/elixxir/client/cmixproto/types.pb.go:276.40,276.41 0 0
gitlab.com/elixxir/client/cmixproto/types.pb.go:277.50,279.2 1 0
gitlab.com/elixxir/client/cmixproto/types.pb.go:281.53,283.2 1 0
gitlab.com/elixxir/client/cmixproto/types.pb.go:284.81,286.2 1 0
gitlab.com/elixxir/client/cmixproto/types.pb.go:287.52,289.2 1 0
gitlab.com/elixxir/client/cmixproto/types.pb.go:290.38,292.2 1 0
gitlab.com/elixxir/client/cmixproto/types.pb.go:293.44,295.2 1 0
gitlab.com/elixxir/client/cmixproto/types.pb.go:299.40,300.14 1 0
gitlab.com/elixxir/client/cmixproto/types.pb.go:300.14,302.3 1 0
gitlab.com/elixxir/client/cmixproto/types.pb.go:303.2,303.10 1 0
gitlab.com/elixxir/client/cmixproto/types.pb.go:306.43,307.14 1 0
gitlab.com/elixxir/client/cmixproto/types.pb.go:307.14,309.3 1 0
gitlab.com/elixxir/client/cmixproto/types.pb.go:310.2,310.11 1 0
gitlab.com/elixxir/client/cmixproto/types.pb.go:313.39,314.14 1 0
gitlab.com/elixxir/client/cmixproto/types.pb.go:314.14,316.3 1 0
gitlab.com/elixxir/client/cmixproto/types.pb.go:317.2,317.10 1 0
gitlab.com/elixxir/client/cmixproto/types.pb.go:335.42,335.67 1 0
gitlab.com/elixxir/client/cmixproto/types.pb.go:336.42,336.79 1 0
gitlab.com/elixxir/client/cmixproto/types.pb.go:337.43,337.44 0 0
gitlab.com/elixxir/client/cmixproto/types.pb.go:338.53,340.2 1 0
gitlab.com/elixxir/client/cmixproto/types.pb.go:342.56,344.2 1 0
gitlab.com/elixxir/client/cmixproto/types.pb.go:345.84,347.2 1 0
gitlab.com/elixxir/client/cmixproto/types.pb.go:348.55,350.2 1 0
gitlab.com/elixxir/client/cmixproto/types.pb.go:351.41,353.2 1 0
gitlab.com/elixxir/client/cmixproto/types.pb.go:354.47,356.2 1 0
gitlab.com/elixxir/client/cmixproto/types.pb.go:360.48,361.14 1 0
gitlab.com/elixxir/client/cmixproto/types.pb.go:361.14,363.3 1 0
gitlab.com/elixxir/client/cmixproto/types.pb.go:364.2,364.12 1 0
gitlab.com/elixxir/client/cmixproto/types.pb.go:367.46,368.14 1 0
gitlab.com/elixxir/client/cmixproto/types.pb.go:368.14,370.3 1 0
gitlab.com/elixxir/client/cmixproto/types.pb.go:371.2,371.12 1 0
gitlab.com/elixxir/client/cmixproto/types.pb.go:391.43,391.69 1 0
gitlab.com/elixxir/client/cmixproto/types.pb.go:392.43,392.80 1 0
gitlab.com/elixxir/client/cmixproto/types.pb.go:393.44,393.45 0 0
gitlab.com/elixxir/client/cmixproto/types.pb.go:394.54,396.2 1 0
gitlab.com/elixxir/client/cmixproto/types.pb.go:398.57,400.2 1 0
gitlab.com/elixxir/client/cmixproto/types.pb.go:401.85,403.2 1 0
gitlab.com/elixxir/client/cmixproto/types.pb.go:404.56,406.2 1 0
gitlab.com/elixxir/client/cmixproto/types.pb.go:407.42,409.2 1 0
gitlab.com/elixxir/client/cmixproto/types.pb.go:410.48,412.2 1 0
gitlab.com/elixxir/client/cmixproto/types.pb.go:416.45,417.14 1 0
gitlab.com/elixxir/client/cmixproto/types.pb.go:417.14,419.3 1 0
gitlab.com/elixxir/client/cmixproto/types.pb.go:420.2,420.14 1 0
gitlab.com/elixxir/client/cmixproto/types.pb.go:423.48,424.14 1 0
gitlab.com/elixxir/client/cmixproto/types.pb.go:424.14,426.3 1 0
gitlab.com/elixxir/client/cmixproto/types.pb.go:427.2,427.11 1 0
gitlab.com/elixxir/client/cmixproto/types.pb.go:430.42,431.14 1 0
gitlab.com/elixxir/client/cmixproto/types.pb.go:431.14,433.3 1 0
gitlab.com/elixxir/client/cmixproto/types.pb.go:434.2,434.12 1 0
gitlab.com/elixxir/client/cmixproto/types.pb.go:455.42,455.67 1 0
gitlab.com/elixxir/client/cmixproto/types.pb.go:456.42,456.79 1 0
gitlab.com/elixxir/client/cmixproto/types.pb.go:457.43,457.44 0 0
gitlab.com/elixxir/client/cmixproto/types.pb.go:458.53,460.2 1 0
gitlab.com/elixxir/client/cmixproto/types.pb.go:462.56,464.2 1 0
gitlab.com/elixxir/client/cmixproto/types.pb.go:465.84,467.2 1 0
gitlab.com/elixxir/client/cmixproto/types.pb.go:468.55,470.2 1 0
gitlab.com/elixxir/client/cmixproto/types.pb.go:471.41,473.2 1 0
gitlab.com/elixxir/client/cmixproto/types.pb.go:474.47,476.2 1 0
gitlab.com/elixxir/client/cmixproto/types.pb.go:480.42,481.14 1 0
gitlab.com/elixxir/client/cmixproto/types.pb.go:481.14,483.3 1 0
gitlab.com/elixxir/client/cmixproto/types.pb.go:484.2,484.10 1 0
gitlab.com/elixxir/client/cmixproto/types.pb.go:487.50,488.14 1 0
gitlab.com/elixxir/client/cmixproto/types.pb.go:488.14,490.3 1 0
gitlab.com/elixxir/client/cmixproto/types.pb.go:491.2,491.12 1 0
gitlab.com/elixxir/client/cmixproto/types.pb.go:494.43,495.14 1 0
gitlab.com/elixxir/client/cmixproto/types.pb.go:495.14,497.3 1 0
gitlab.com/elixxir/client/cmixproto/types.pb.go:498.2,498.11 1 0
gitlab.com/elixxir/client/cmixproto/types.pb.go:501.13,509.2 7 1
gitlab.com/elixxir/client/cmixproto/types.pb.go:511.13,511.83 1 1
gitlab.com/elixxir/client/crypto/decrypt.go:22.29,24.69 1 1
gitlab.com/elixxir/client/crypto/decrypt.go:24.69,26.3 1 1
gitlab.com/elixxir/client/crypto/decrypt.go:27.2,33.16 5 1
gitlab.com/elixxir/client/crypto/decrypt.go:33.16,35.3 1 1
gitlab.com/elixxir/client/crypto/decrypt.go:38.2,43.16 4 1
gitlab.com/elixxir/client/crypto/decrypt.go:43.16,45.3 1 1
gitlab.com/elixxir/client/crypto/decrypt.go:46.2,47.12 2 1
gitlab.com/elixxir/client/crypto/decrypt.go:55.29,57.69 1 1
gitlab.com/elixxir/client/crypto/decrypt.go:57.69,59.3 1 1
gitlab.com/elixxir/client/crypto/decrypt.go:60.2,66.16 5 1
gitlab.com/elixxir/client/crypto/decrypt.go:66.16,68.3 1 1
gitlab.com/elixxir/client/crypto/decrypt.go:71.2,76.12 5 1
gitlab.com/elixxir/client/crypto/encrypt.go:24.51,28.31 3 1
gitlab.com/elixxir/client/crypto/encrypt.go:28.31,30.3 1 1
gitlab.com/elixxir/client/crypto/encrypt.go:32.2,35.16 3 1
gitlab.com/elixxir/client/crypto/encrypt.go:35.16,37.3 1 0
gitlab.com/elixxir/client/crypto/encrypt.go:39.2,41.21 2 1
gitlab.com/elixxir/client/crypto/encrypt.go:50.23,61.16 5 1
gitlab.com/elixxir/client/crypto/encrypt.go:61.16,62.13 1 0
gitlab.com/elixxir/client/crypto/encrypt.go:64.2,68.16 3 1
gitlab.com/elixxir/client/crypto/encrypt.go:68.16,70.3 1 0
gitlab.com/elixxir/client/crypto/encrypt.go:71.2,76.17 3 1
gitlab.com/elixxir/client/crypto/encrypt.go:87.23,98.16 5 1
gitlab.com/elixxir/client/crypto/encrypt.go:98.16,99.13 1 0
gitlab.com/elixxir/client/crypto/encrypt.go:101.2,110.17 5 1
gitlab.com/elixxir/client/globals/storage.go:26.62,29.2 2 1
gitlab.com/elixxir/client/globals/storage.go:31.48,33.2 1 1
gitlab.com/elixxir/client/globals/storage.go:35.51,39.17 2 1
gitlab.com/elixxir/client/globals/storage.go:39.17,41.3 1 0
gitlab.com/elixxir/client/globals/storage.go:41.8,41.33 1 1
gitlab.com/elixxir/client/globals/storage.go:41.33,46.3 2 0
gitlab.com/elixxir/client/globals/storage.go:49.2,53.17 3 1
gitlab.com/elixxir/client/globals/storage.go:53.17,57.3 2 0
gitlab.com/elixxir/client/globals/storage.go:60.2,62.17 2 1
gitlab.com/elixxir/client/globals/storage.go:62.17,66.3 2 0
gitlab.com/elixxir/client/globals/storage.go:68.2,68.12 1 1
gitlab.com/elixxir/client/globals/storage.go:71.41,75.17 2 1
gitlab.com/elixxir/client/globals/storage.go:75.17,79.3 2 0
gitlab.com/elixxir/client/globals/storage.go:81.2,88.17 4 1
gitlab.com/elixxir/client/globals/storage.go:88.17,92.3 2 0
gitlab.com/elixxir/client/globals/storage.go:95.2,97.17 2 1
gitlab.com/elixxir/client/globals/storage.go:97.17,101.3 2 0
gitlab.com/elixxir/client/globals/storage.go:103.2,103.10 1 1
gitlab.com/elixxir/client/globals/storage.go:111.58,113.2 1 0
gitlab.com/elixxir/client/globals/storage.go:115.44,117.2 1 1
gitlab.com/elixxir/client/globals/storage.go:119.47,123.2 3 1
gitlab.com/elixxir/client/globals/storage.go:125.37,130.2 3 1
gitlab.com/elixxir/client/globals/terminator.go:15.45,18.2 2 1
gitlab.com/elixxir/client/globals/terminator.go:20.39,22.2 1 0
gitlab.com/elixxir/client/globals/terminator.go:26.66,31.18 3 1
gitlab.com/elixxir/client/globals/terminator.go:31.18,37.10 4 1
gitlab.com/elixxir/client/globals/terminator.go:38.25,39.15 1 1
gitlab.com/elixxir/client/globals/terminator.go:40.18,41.16 1 0
gitlab.com/elixxir/client/globals/terminator.go:43.8,46.3 2 0
gitlab.com/elixxir/client/io/checkVersion.go:21.41,23.2 1 1
gitlab.com/elixxir/client/io/checkVersion.go:25.71,27.24 2 1
gitlab.com/elixxir/client/io/checkVersion.go:27.24,29.3 1 1
gitlab.com/elixxir/client/io/checkVersion.go:30.2,31.16 2 1
gitlab.com/elixxir/client/io/checkVersion.go:31.16,33.3 1 1
gitlab.com/elixxir/client/io/checkVersion.go:34.2,35.16 2 1
gitlab.com/elixxir/client/io/checkVersion.go:35.16,37.3 1 1
gitlab.com/elixxir/client/io/checkVersion.go:38.2,42.8 1 1
gitlab.com/elixxir/client/io/checkVersion.go:52.72,54.35 1 1
gitlab.com/elixxir/client/io/checkVersion.go:54.35,56.3 1 1
gitlab.com/elixxir/client/io/checkVersion.go:58.2,58.34 1 1
gitlab.com/elixxir/client/io/checkVersion.go:58.34,60.3 1 1
gitlab.com/elixxir/client/io/checkVersion.go:63.2,63.13 1 1
gitlab.com/elixxir/client/io/checkVersion.go:69.68,71.16 2 1
gitlab.com/elixxir/client/io/checkVersion.go:71.16,74.3 1 1
gitlab.com/elixxir/client/io/checkVersion.go:75.2,76.16 2 1
gitlab.com/elixxir/client/io/checkVersion.go:76.16,79.3 1 1
gitlab.com/elixxir/client/io/checkVersion.go:80.2,80.51 1 1
gitlab.com/elixxir/client/io/collate.go:37.30,41.2 1 1
gitlab.com/elixxir/client/io/collate.go:50.40,60.16 5 1
gitlab.com/elixxir/client/io/collate.go:60.16,62.3 1 1
gitlab.com/elixxir/client/io/collate.go:64.2,66.16 2 1
gitlab.com/elixxir/client/io/collate.go:66.16,67.30 1 1
gitlab.com/elixxir/client/io/collate.go:67.30,72.18 2 1
gitlab.com/elixxir/client/io/collate.go:72.18,75.5 2 0
gitlab.com/elixxir/client/io/collate.go:77.4,85.15 2 1
gitlab.com/elixxir/client/io/collate.go:86.9,97.11 9 1
gitlab.com/elixxir/client/io/collate.go:97.11,112.36 5 1
gitlab.com/elixxir/client/io/collate.go:112.36,115.12 3 1
gitlab.com/elixxir/client/io/collate.go:115.12,117.7 1 1
gitlab.com/elixxir/client/io/collate.go:118.6,118.21 1 1
gitlab.com/elixxir/client/io/collate.go:120.10,124.5 2 1
gitlab.com/elixxir/client/io/collate.go:125.4,125.53 1 1
gitlab.com/elixxir/client/io/collate.go:125.53,128.19 2 1
gitlab.com/elixxir/client/io/collate.go:128.19,133.6 4 0
gitlab.com/elixxir/client/io/collate.go:134.5,136.19 2 1
gitlab.com/elixxir/client/io/collate.go:136.19,141.6 4 0
gitlab.com/elixxir/client/io/collate.go:143.5,153.16 4 1
gitlab.com/elixxir/client/io/collate.go:155.4,155.19 1 1
gitlab.com/elixxir/client/io/collate.go:157.8,159.3 1 0
gitlab.com/elixxir/client/io/collate.go:160.2,161.12 2 1
gitlab.com/elixxir/client/io/collate.go:165.35,168.38 3 1
gitlab.com/elixxir/client/io/collate.go:168.38,169.43 1 1
gitlab.com/elixxir/client/io/collate.go:169.43,170.55 1 1
gitlab.com/elixxir/client/io/collate.go:170.55,172.5 1 1
gitlab.com/elixxir/client/io/collate.go:173.4,174.46 1 1
gitlab.com/elixxir/client/io/collate.go:177.2,178.13 2 1
gitlab.com/elixxir/client/io/commManager.go:33.35,35.2 1 1
gitlab.com/elixxir/client/io/commManager.go:77.50,98.2 3 1
gitlab.com/elixxir/client/io/commManager.go:102.50,104.30 2 1
gitlab.com/elixxir/client/io/commManager.go:104.30,106.3 1 0
gitlab.com/elixxir/client/io/commManager.go:108.2,115.42 5 1
gitlab.com/elixxir/client/io/commManager.go:115.42,120.45 3 1
gitlab.com/elixxir/client/io/commManager.go:120.45,122.4 1 0
gitlab.com/elixxir/client/io/commManager.go:123.3,128.13 5 1
gitlab.com/elixxir/client/io/commManager.go:128.13,135.18 3 1
gitlab.com/elixxir/client/io/commManager.go:135.18,139.5 1 0
gitlab.com/elixxir/client/io/commManager.go:140.4,140.13 1 1
gitlab.com/elixxir/client/io/commManager.go:142.3,145.24 3 1
gitlab.com/elixxir/client/io/commManager.go:145.24,147.19 2 0
gitlab.com/elixxir/client/io/commManager.go:147.19,149.5 1 0
gitlab.com/elixxir/client/io/commManager.go:149.10,151.5 1 0
gitlab.com/elixxir/client/io/commManager.go:155.3,155.18 1 1
gitlab.com/elixxir/client/io/commManager.go:155.18,157.4 1 0
gitlab.com/elixxir/client/io/commManager.go:160.2,161.12 2 1
gitlab.com/elixxir/client/io/commManager.go:166.52,169.16 2 1
gitlab.com/elixxir/client/io/commManager.go:169.16,171.3 1 0
gitlab.com/elixxir/client/io/commManager.go:172.2,173.12 2 1
gitlab.com/elixxir/client/io/commManager.go:176.73,178.2 1 0
gitlab.com/elixxir/client/io/commManager.go:181.105,194.16 7 1
gitlab.com/elixxir/client/io/commManager.go:194.16,197.3 2 0
gitlab.com/elixxir/client/io/commManager.go:200.2,200.21 1 1
gitlab.com/elixxir/client/io/commManager.go:200.21,203.3 2 0
gitlab.com/elixxir/client/io/commManager.go:208.2,209.16 2 1
gitlab.com/elixxir/client/io/commManager.go:209.16,213.3 2 0
gitlab.com/elixxir/client/io/commManager.go:214.2,214.24 1 1
gitlab.com/elixxir/client/io/commManager.go:219.69,225.2 5 1
gitlab.com/elixxir/client/io/commManager.go:229.53,231.2 1 1
gitlab.com/elixxir/client/io/commManager.go:236.77,237.39 1 1
gitlab.com/elixxir/client/io/commManager.go:237.39,239.57 2 1
gitlab.com/elixxir/client/io/commManager.go:239.57,241.4 1 0
gitlab.com/elixxir/client/io/commManager.go:242.3,246.17 4 1
gitlab.com/elixxir/client/io/commManager.go:246.17,249.4 1 0
gitlab.com/elixxir/client/io/commManager.go:250.3,253.19 2 1
gitlab.com/elixxir/client/io/commManager.go:254.8,260.3 2 0
gitlab.com/elixxir/client/io/commManager.go:263.54,266.2 2 1
gitlab.com/elixxir/client/io/commManager.go:268.37,270.2 1 0
gitlab.com/elixxir/client/io/commManager.go:272.37,275.21 2 1
gitlab.com/elixxir/client/io/commManager.go:275.21,278.3 1 0
gitlab.com/elixxir/client/io/commManager.go:279.2,279.16 1 1
gitlab.com/elixxir/client/io/commManager.go:282.56,284.2 1 1
gitlab.com/elixxir/client/io/commManager.go:286.54,289.21 2 0
gitlab.com/elixxir/client/io/commManager.go:289.21,292.3 1 0
gitlab.com/elixxir/client/io/commManager.go:293.2,293.31 1 0
gitlab.com/elixxir/client/io/commManager.go:296.58,299.21 2 0
gitlab.com/elixxir/client/io/commManager.go:299.21,302.3 1 0
gitlab.com/elixxir/client/io/commManager.go:303.2,303.26 1 0
gitlab.com/elixxir/client/io/commManager.go:306.53,308.2 1 1
gitlab.com/elixxir/client/io/commManager.go:310.72,314.2 3 1
gitlab.com/elixxir/client/io/commManager.go:316.44,318.2 1 0
gitlab.com/elixxir/client/io/receive.go:25.108,27.20 1 1
gitlab.com/elixxir/client/io/receive.go:27.20,29.3 1 0
gitlab.com/elixxir/client/io/receive.go:30.2,40.6 7 1
gitlab.com/elixxir/client/io/receive.go:40.6,43.10 2 1
gitlab.com/elixxir/client/io/receive.go:44.15,46.10 2 1
gitlab.com/elixxir/client/io/receive.go:47.23,54.18 4 0
gitlab.com/elixxir/client/io/receive.go:54.18,59.45 2 0
gitlab.com/elixxir/client/io/receive.go:59.45,71.15 6 0
gitlab.com/elixxir/client/io/receive.go:71.15,73.7 1 0
gitlab.com/elixxir/client/io/receive.go:75.6,75.13 1 0
gitlab.com/elixxir/client/io/receive.go:76.35,78.13 2 0
gitlab.com/elixxir/client/io/receive.go:79.21,79.21 0 0
gitlab.com/elixxir/client/io/receive.go:80.29,81.23 1 0
gitlab.com/elixxir/client/io/receive.go:86.6,88.20 2 0
gitlab.com/elixxir/client/io/receive.go:88.20,90.7 1 0
gitlab.com/elixxir/client/io/receive.go:92.6,92.20 1 0
gitlab.com/elixxir/client/io/receive.go:96.20,97.52 1 0
gitlab.com/elixxir/client/io/receive.go:101.3,101.34 1 0
gitlab.com/elixxir/client/io/receive.go:101.34,105.33 2 0
gitlab.com/elixxir/client/io/receive.go:105.33,107.5 1 0
gitlab.com/elixxir/client/io/receive.go:109.4,109.32 1 0
gitlab.com/elixxir/client/io/receive.go:109.32,110.38 1 0
gitlab.com/elixxir/client/io/receive.go:110.38,114.33 2 0
gitlab.com/elixxir/client/io/receive.go:114.33,117.7 1 0
gitlab.com/elixxir/client/io/receive.go:124.39,125.9 1 0
gitlab.com/elixxir/client/io/receive.go:126.37,126.37 0 0
gitlab.com/elixxir/client/io/receive.go:127.10,127.10 0 0
gitlab.com/elixxir/client/io/receive.go:131.72,132.25 1 0
gitlab.com/elixxir/client/io/receive.go:132.25,137.3 3 0
gitlab.com/elixxir/client/io/receive.go:139.2,140.27 2 0
gitlab.com/elixxir/client/io/receive.go:140.27,142.3 1 0
gitlab.com/elixxir/client/io/receive.go:144.2,147.27 3 0
gitlab.com/elixxir/client/io/receive.go:151.51,159.20 4 0
gitlab.com/elixxir/client/io/receive.go:159.20,162.3 1 0
gitlab.com/elixxir/client/io/receive.go:162.8,162.50 1 0
gitlab.com/elixxir/client/io/receive.go:162.50,165.3 1 0
gitlab.com/elixxir/client/io/receive.go:167.2,171.11 4 0
gitlab.com/elixxir/client/io/receive.go:171.11,173.3 1 0
gitlab.com/elixxir/client/io/receive.go:173.8,175.3 1 0
gitlab.com/elixxir/client/io/receive.go:177.2,177.16 1 0
gitlab.com/elixxir/client/io/receive.go:177.17,179.3 0 0
gitlab.com/elixxir/client/io/receive.go:185.2,185.11 1 0
gitlab.com/elixxir/client/io/receive.go:185.11,198.3 4 0
gitlab.com/elixxir/client/io/receive.go:199.2,199.27 1 0
gitlab.com/elixxir/client/io/receive.go:203.91,212.16 3 0
gitlab.com/elixxir/client/io/receive.go:212.16,215.3 2 0
gitlab.com/elixxir/client/io/receive.go:217.2,227.43 5 0
gitlab.com/elixxir/client/io/receive.go:227.43,230.16 2 0
gitlab.com/elixxir/client/io/receive.go:230.16,242.18 3 0
gitlab.com/elixxir/client/io/receive.go:242.18,246.5 1 0
gitlab.com/elixxir/client/io/receive.go:246.10,248.33 1 0
gitlab.com/elixxir/client/io/receive.go:248.33,250.14 2 0
gitlab.com/elixxir/client/io/receive.go:253.5,261.13 7 0
gitlab.com/elixxir/client/io/receive.go:266.2,266.16 1 0
gitlab.com/elixxir/client/io/receive.go:266.16,267.31 1 0
gitlab.com/elixxir/client/io/receive.go:267.31,271.4 2 0
gitlab.com/elixxir/client/io/receive.go:272.3,274.17 3 0
gitlab.com/elixxir/client/io/receive.go:274.17,277.4 1 0
gitlab.com/elixxir/client/io/receive.go:280.2,280.31 1 0
gitlab.com/elixxir/client/io/receive.go:285.21,294.40 6 0
gitlab.com/elixxir/client/io/receive.go:294.40,302.29 6 0
gitlab.com/elixxir/client/io/receive.go:302.29,305.18 2 0
gitlab.com/elixxir/client/io/receive.go:305.18,307.5 1 0
gitlab.com/elixxir/client/io/receive.go:309.4,310.42 2 0
gitlab.com/elixxir/client/io/receive.go:311.9,314.29 2 0
gitlab.com/elixxir/client/io/receive.go:314.29,317.5 2 0
gitlab.com/elixxir/client/io/receive.go:320.3,320.17 1 0
gitlab.com/elixxir/client/io/receive.go:320.17,324.4 1 0
gitlab.com/elixxir/client/io/receive.go:324.9,324.19 1 0
gitlab.com/elixxir/client/io/receive.go:324.19,327.4 1 0
gitlab.com/elixxir/client/io/receive.go:327.9,327.21 1 0
gitlab.com/elixxir/client/io/receive.go:327.21,330.4 2 0
gitlab.com/elixxir/client/io/receive.go:330.9,334.4 3 0
gitlab.com/elixxir/client/io/receive.go:337.2,337.106 1 0
gitlab.com/elixxir/client/io/receive.go:341.38,344.2 1 0
gitlab.com/elixxir/client/io/send.go:29.24,41.16 3 0
gitlab.com/elixxir/client/io/send.go:41.16,43.3 1 0
gitlab.com/elixxir/client/io/send.go:45.2,52.16 3 0
gitlab.com/elixxir/client/io/send.go:52.16,54.3 1 0
gitlab.com/elixxir/client/io/send.go:56.2,59.23 4 0
gitlab.com/elixxir/client/io/send.go:59.23,65.17 6 0
gitlab.com/elixxir/client/io/send.go:65.17,67.4 1 0
gitlab.com/elixxir/client/io/send.go:69.2,70.12 2 0
gitlab.com/elixxir/client/io/send.go:78.24,80.28 2 0
gitlab.com/elixxir/client/io/send.go:80.28,82.3 1 0
gitlab.com/elixxir/client/io/send.go:83.2,90.16 3 0
gitlab.com/elixxir/client/io/send.go:90.16,92.3 1 0
gitlab.com/elixxir/client/io/send.go:93.2,106.16 11 0
gitlab.com/elixxir/client/io/send.go:106.16,108.3 1 0
gitlab.com/elixxir/client/io/send.go:109.2,109.12 1 0
gitlab.com/elixxir/client/io/send.go:116.49,118.27 1 0
gitlab.com/elixxir/client/io/send.go:118.27,120.16 2 0
gitlab.com/elixxir/client/io/send.go:120.16,123.4 2 0
gitlab.com/elixxir/client/io/send.go:127.2,127.29 1 0
gitlab.com/elixxir/client/io/send.go:127.29,129.3 1 0
gitlab.com/elixxir/client/io/send.go:129.8,131.17 2 0
gitlab.com/elixxir/client/io/send.go:131.17,133.4 1 0
gitlab.com/elixxir/client/io/send.go:134.3,136.82 3 0
gitlab.com/elixxir/client/io/send.go:139.2,150.60 4 0
gitlab.com/elixxir/client/io/send.go:155.14,162.15 5 0
gitlab.com/elixxir/client/io/send.go:162.15,167.3 3 0
gitlab.com/elixxir/client/io/send.go:171.2,171.63 1 0
gitlab.com/elixxir/client/io/send.go:171.63,172.12 1 0
gitlab.com/elixxir/client/io/send.go:172.12,175.4 1 0
gitlab.com/elixxir/client/io/send.go:175.9,178.4 1 0
gitlab.com/elixxir/client/io/send.go:179.3,179.17 1 0
gitlab.com/elixxir/client/io/send.go:179.17,181.4 1 0
gitlab.com/elixxir/client/io/send.go:183.3,183.10 1 0
gitlab.com/elixxir/client/io/send.go:184.18,185.14 1 0
gitlab.com/elixxir/client/io/send.go:186.11,186.11 0 0
gitlab.com/elixxir/client/io/send.go:190.2,190.16 1 0
gitlab.com/elixxir/client/io/send.go:190.16,193.3 1 0
gitlab.com/elixxir/client/io/send.go:193.8,193.37 1 0
gitlab.com/elixxir/client/io/send.go:193.37,198.3 3 0
gitlab.com/elixxir/client/io/send.go:198.8,198.39 1 0
gitlab.com/elixxir/client/io/send.go:198.39,200.3 1 0
gitlab.com/elixxir/client/io/send.go:202.2,202.30 1 0
gitlab.com/elixxir/client/io/send.go:202.30,214.3 2 0
gitlab.com/elixxir/client/io/send.go:216.2,217.11 2 0
gitlab.com/elixxir/client/io/send.go:217.11,222.3 1 0
gitlab.com/elixxir/client/io/send.go:222.8,227.3 1 0
gitlab.com/elixxir/client/keyStore/action.go:12.33,14.11 2 1
gitlab.com/elixxir/client/keyStore/action.go:15.12,16.15 1 1
gitlab.com/elixxir/client/keyStore/action.go:17.13,18.16 1 1
gitlab.com/elixxir/client/keyStore/action.go:19.13,20.16 1 1
gitlab.com/elixxir/client/keyStore/action.go:21.15,22.18 1 1
gitlab.com/elixxir/client/keyStore/action.go:24.2,24.12 1 1
gitlab.com/elixxir/client/keyStore/e2eKey.go:27.48,29.2 1 1
gitlab.com/elixxir/client/keyStore/e2eKey.go:32.44,34.2 1 1
gitlab.com/elixxir/client/keyStore/e2eKey.go:37.55,39.2 1 1
gitlab.com/elixxir/client/keyStore/e2eKey.go:44.59,50.2 5 1
gitlab.com/elixxir/client/keyStore/keyManager.go:80.60,93.34 12 1
gitlab.com/elixxir/client/keyStore/keyManager.go:93.34,96.3 2 1
gitlab.com/elixxir/client/keyStore/keyManager.go:97.2,97.36 1 1
gitlab.com/elixxir/client/keyStore/keyManager.go:97.36,100.3 2 1
gitlab.com/elixxir/client/keyStore/keyManager.go:101.2,101.11 1 1
gitlab.com/elixxir/client/keyStore/keyManager.go:105.48,107.2 1 1
gitlab.com/elixxir/client/keyStore/keyManager.go:110.48,112.2 1 1
gitlab.com/elixxir/client/keyStore/keyManager.go:115.47,117.2 1 1
gitlab.com/elixxir/client/keyStore/keyManager.go:120.45,122.2 1 1
gitlab.com/elixxir/client/keyStore/keyManager.go:149.48,152.2 2 1
gitlab.com/elixxir/client/keyStore/keyManager.go:157.48,160.2 2 1
gitlab.com/elixxir/client/keyStore/keyManager.go:175.54,178.11 2 1
gitlab.com/elixxir/client/keyStore/keyManager.go:178.11,180.3 1 1
gitlab.com/elixxir/client/keyStore/keyManager.go:180.8,182.3 1 1
gitlab.com/elixxir/client/keyStore/keyManager.go:185.2,188.33 2 1
gitlab.com/elixxir/client/keyStore/keyManager.go:188.33,190.3 1 1
gitlab.com/elixxir/client/keyStore/keyManager.go:193.2,193.47 1 1
gitlab.com/elixxir/client/keyStore/keyManager.go:193.47,198.3 2 1
gitlab.com/elixxir/client/keyStore/keyManager.go:198.8,198.49 1 1
gitlab.com/elixxir/client/keyStore/keyManager.go:198.49,200.3 1 1
gitlab.com/elixxir/client/keyStore/keyManager.go:201.2,201.13 1 1
gitlab.com/elixxir/client/keyStore/keyManager.go:215.66,219.11 3 1
gitlab.com/elixxir/client/keyStore/keyManager.go:219.11,221.3 1 1
gitlab.com/elixxir/client/keyStore/keyManager.go:221.8,223.3 1 1
gitlab.com/elixxir/client/keyStore/keyManager.go:235.73,240.11 4 1
gitlab.com/elixxir/client/keyStore/keyManager.go:240.11,242.3 1 1
gitlab.com/elixxir/client/keyStore/keyManager.go:242.8,244.3 1 1
gitlab.com/elixxir/client/keyStore/keyManager.go:246.2,246.32 1 1
gitlab.com/elixxir/client/keyStore/keyManager.go:266.82,269.19 2 1
gitlab.com/elixxir/client/keyStore/keyManager.go:269.19,285.32 8 1
gitlab.com/elixxir/client/keyStore/keyManager.go:285.32,291.4 5 1
gitlab.com/elixxir/client/keyStore/keyManager.go:294.3,297.34 2 1
gitlab.com/elixxir/client/keyStore/keyManager.go:297.34,303.4 5 1
gitlab.com/elixxir/client/keyStore/keyManager.go:305.8,316.32 4 1
gitlab.com/elixxir/client/keyStore/keyManager.go:316.32,317.47 1 1
gitlab.com/elixxir/client/keyStore/keyManager.go:317.47,326.5 8 1
gitlab.com/elixxir/client/keyStore/keyManager.go:331.3,332.34 2 1
gitlab.com/elixxir/client/keyStore/keyManager.go:332.34,333.46 1 1
gitlab.com/elixxir/client/keyStore/keyManager.go:333.46,342.5 8 1
gitlab.com/elixxir/client/keyStore/keyManager.go:345.2,345.19 1 1
gitlab.com/elixxir/client/keyStore/keyManager.go:351.50,357.2 3 1
gitlab.com/elixxir/client/keyStore/keyManager.go:362.52,368.2 3 1
gitlab.com/elixxir/client/keyStore/keyManager.go:375.45,376.19 1 1
gitlab.com/elixxir/client/keyStore/keyManager.go:376.19,382.3 3 1
gitlab.com/elixxir/client/keyStore/keyManager.go:382.8,384.3 1 1
gitlab.com/elixxir/client/keyStore/keyManager.go:393.51,422.19 2 1
gitlab.com/elixxir/client/keyStore/keyManager.go:422.19,424.3 1 1
gitlab.com/elixxir/client/keyStore/keyManager.go:424.8,426.3 1 1
gitlab.com/elixxir/client/keyStore/keyManager.go:429.2,433.38 5 1
gitlab.com/elixxir/client/keyStore/keyManager.go:433.38,437.3 1 1
gitlab.com/elixxir/client/keyStore/keyManager.go:438.2,438.40 1 1
gitlab.com/elixxir/client/keyStore/keyManager.go:438.40,442.3 1 1
gitlab.com/elixxir/client/keyStore/keyManager.go:445.2,447.16 2 1
gitlab.com/elixxir/client/keyStore/keyManager.go:447.16,449.3 1 0
gitlab.com/elixxir/client/keyStore/keyManager.go:452.2,455.23 2 1
gitlab.com/elixxir/client/keyStore/keyManager.go:455.23,458.17 2 1
gitlab.com/elixxir/client/keyStore/keyManager.go:458.17,460.4 1 0
gitlab.com/elixxir/client/keyStore/keyManager.go:464.2,467.22 2 1
gitlab.com/elixxir/client/keyStore/keyManager.go:467.22,470.17 2 1
gitlab.com/elixxir/client/keyStore/keyManager.go:470.17,472.4 1 0
gitlab.com/elixxir/client/keyStore/keyManager.go:476.2,486.16 5 1
gitlab.com/elixxir/client/keyStore/keyManager.go:486.16,488.3 1 0
gitlab.com/elixxir/client/keyStore/keyManager.go:490.2,490.25 1 1
gitlab.com/elixxir/client/keyStore/keyManager.go:498.50,537.16 6 1
gitlab.com/elixxir/client/keyStore/keyManager.go:537.16,539.3 1 1
gitlab.com/elixxir/client/keyStore/keyManager.go:542.2,545.16 3 1
gitlab.com/elixxir/client/keyStore/keyManager.go:545.16,547.3 1 0
gitlab.com/elixxir/client/keyStore/keyManager.go:549.2,552.16 3 1
gitlab.com/elixxir/client/keyStore/keyManager.go:552.16,554.3 1 0
gitlab.com/elixxir/client/keyStore/keyManager.go:556.2,559.16 3 1
gitlab.com/elixxir/client/keyStore/keyManager.go:559.16,561.3 1 0
gitlab.com/elixxir/client/keyStore/keyManager.go:563.2,563.29 1 1
gitlab.com/elixxir/client/keyStore/keyManager.go:563.29,565.3 1 1
gitlab.com/elixxir/client/keyStore/keyManager.go:565.8,567.3 1 1
gitlab.com/elixxir/client/keyStore/keyManager.go:569.2,575.38 7 1
gitlab.com/elixxir/client/keyStore/keyManager.go:575.38,579.3 2 1
gitlab.com/elixxir/client/keyStore/keyManager.go:580.2,580.40 1 1
gitlab.com/elixxir/client/keyStore/keyManager.go:580.40,584.3 2 1
gitlab.com/elixxir/client/keyStore/keyManager.go:586.2,586.12 1 1
gitlab.com/elixxir/client/keyStore/keyStack.go:21.30,25.2 3 1
gitlab.com/elixxir/client/keyStore/keyStack.go:28.39,30.2 1 1
gitlab.com/elixxir/client/keyStore/keyStack.go:35.35,44.20 5 1
gitlab.com/elixxir/client/keyStore/keyStack.go:44.20,47.3 2 1
gitlab.com/elixxir/client/keyStore/keyStack.go:47.8,49.3 1 1
gitlab.com/elixxir/client/keyStore/keyStack.go:51.2,51.12 1 1
gitlab.com/elixxir/client/keyStore/keyStack.go:56.30,60.30 4 1
gitlab.com/elixxir/client/keyStore/keyStack.go:60.30,62.3 1 1
gitlab.com/elixxir/client/keyStore/keyStore.go:20.58,22.2 1 1
gitlab.com/elixxir/client/keyStore/keyStore.go:25.53,27.9 2 1
gitlab.com/elixxir/client/keyStore/keyStore.go:27.9,29.3 1 1
gitlab.com/elixxir/client/keyStore/keyStore.go:29.8,31.3 1 1
gitlab.com/elixxir/client/keyStore/keyStore.go:35.43,37.2 1 1
gitlab.com/elixxir/client/keyStore/keyStore.go:41.44,43.57 2 1
gitlab.com/elixxir/client/keyStore/keyStore.go:43.57,46.3 2 1
gitlab.com/elixxir/client/keyStore/keyStore.go:47.2,47.18 1 1
gitlab.com/elixxir/client/keyStore/keyStore.go:52.38,54.57 2 0
gitlab.com/elixxir/client/keyStore/keyStore.go:54.57,57.3 2 0
gitlab.com/elixxir/client/keyStore/keyStore.go:58.2,58.16 1 0
gitlab.com/elixxir/client/keyStore/keyStore.go:62.71,64.2 1 1
gitlab.com/elixxir/client/keyStore/keyStore.go:70.64,74.9 3 1
gitlab.com/elixxir/client/keyStore/keyStore.go:74.9,76.3 1 0
gitlab.com/elixxir/client/keyStore/keyStore.go:76.8,78.3 1 1
gitlab.com/elixxir/client/keyStore/keyStore.go:80.2,85.12 3 1
gitlab.com/elixxir/client/keyStore/keyStore.go:89.59,91.2 1 1
gitlab.com/elixxir/client/keyStore/keyStore.go:94.66,95.34 1 0
gitlab.com/elixxir/client/keyStore/keyStore.go:95.34,97.3 1 0
gitlab.com/elixxir/client/keyStore/keyStore.go:129.27,144.2 6 1
gitlab.com/elixxir/client/keyStore/keyStore.go:147.47,149.2 1 1
gitlab.com/elixxir/client/keyStore/keyStore.go:152.52,154.2 1 1
gitlab.com/elixxir/client/keyStore/keyStore.go:158.66,160.2 1 1
gitlab.com/elixxir/client/keyStore/keyStore.go:163.45,165.2 1 0
gitlab.com/elixxir/client/keyStore/keyStore.go:169.57,171.2 1 1
gitlab.com/elixxir/client/keyStore/keyStore.go:176.15,178.2 1 1
gitlab.com/elixxir/client/keyStore/keyStore.go:182.72,184.2 1 1
gitlab.com/elixxir/client/keyStore/keyStore.go:187.52,194.8 4 1
gitlab.com/elixxir/client/keyStore/keyStore.go:194.8,197.3 2 1
gitlab.com/elixxir/client/keyStore/keyStore.go:197.8,201.3 3 1
gitlab.com/elixxir/client/keyStore/keyStore.go:206.66,210.2 3 1
gitlab.com/elixxir/client/keyStore/keyStore.go:213.57,217.2 3 0
gitlab.com/elixxir/client/keyStore/keyStore.go:220.49,229.16 4 1
gitlab.com/elixxir/client/keyStore/keyStore.go:229.16,231.3 1 0
gitlab.com/elixxir/client/keyStore/keyStore.go:234.2,237.16 3 1
gitlab.com/elixxir/client/keyStore/keyStore.go:237.16,239.3 1 0
gitlab.com/elixxir/client/keyStore/keyStore.go:242.2,244.16 2 1
gitlab.com/elixxir/client/keyStore/keyStore.go:244.16,246.3 1 0
gitlab.com/elixxir/client/keyStore/keyStore.go:248.2,248.25 1 1
gitlab.com/elixxir/client/keyStore/keyStore.go:253.48,265.16 5 1
gitlab.com/elixxir/client/keyStore/keyStore.go:265.16,267.3 1 1
gitlab.com/elixxir/client/keyStore/keyStore.go:270.2,273.16 3 1
gitlab.com/elixxir/client/keyStore/keyStore.go:273.16,275.3 1 0
gitlab.com/elixxir/client/keyStore/keyStore.go:278.2,280.16 2 1
gitlab.com/elixxir/client/keyStore/keyStore.go:280.16,282.3 1 0
gitlab.com/elixxir/client/keyStore/keyStore.go:285.2,287.28 3 1
gitlab.com/elixxir/client/keyStore/keyStore.go:287.28,289.3 1 1
gitlab.com/elixxir/client/keyStore/keyStore.go:291.2,291.12 1 1
gitlab.com/elixxir/client/keyStore/keyStore.go:297.73,300.28 2 1
gitlab.com/elixxir/client/keyStore/keyStore.go:300.28,303.3 2 1
gitlab.com/elixxir/client/keyStore/keyStore.go:305.2,305.41 1 1
gitlab.com/elixxir/client/keyStore/keyStore.go:305.41,306.35 1 1
gitlab.com/elixxir/client/keyStore/keyStore.go:306.35,307.17 1 1
gitlab.com/elixxir/client/keyStore/keyStore.go:307.17,310.5 2 1
gitlab.com/elixxir/client/keyStore/keyStore.go:315.86,316.27 1 1
gitlab.com/elixxir/client/keyStore/keyStore.go:316.27,318.3 1 0
gitlab.com/elixxir/client/keyStore/keyStore.go:321.68,322.30 1 1
gitlab.com/elixxir/client/keyStore/keyStore.go:322.30,324.3 1 1
gitlab.com/elixxir/client/keyStore/keyStore.go:329.74,331.2 1 0
gitlab.com/elixxir/client/keyStore/recieveKeyManagerBuffer.go:14.64,18.2 3 1
gitlab.com/elixxir/client/keyStore/recieveKeyManagerBuffer.go:28.82,31.29 3 1
gitlab.com/elixxir/client/keyStore/recieveKeyManagerBuffer.go:31.29,35.3 2 1
gitlab.com/elixxir/client/keyStore/recieveKeyManagerBuffer.go:35.9,37.3 0 1
gitlab.com/elixxir/client/keyStore/recieveKeyManagerBuffer.go:39.2,41.19 2 1
gitlab.com/elixxir/client/keyStore/recieveKeyManagerBuffer.go:41.19,43.3 1 1
gitlab.com/elixxir/client/keyStore/recieveKeyManagerBuffer.go:43.8,47.3 1 1
gitlab.com/elixxir/client/keyStore/recieveKeyManagerBuffer.go:50.84,52.2 1 1
gitlab.com/elixxir/client/keyStore/recieveKeyManagerBuffer.go:54.60,56.2 1 1
gitlab.com/elixxir/client/keyStore/recieveKeyManagerBuffer.go:58.87,60.2 1 0
gitlab.com/elixxir/client/keyStore/recieveKeyManagerBuffer.go:62.68,67.42 2 1
gitlab.com/elixxir/client/keyStore/recieveKeyManagerBuffer.go:67.42,69.30 2 1
gitlab.com/elixxir/client/keyStore/recieveKeyManagerBuffer.go:69.30,71.4 1 1
gitlab.com/elixxir/client/keyStore/recieveKeyManagerBuffer.go:75.2,89.16 5 1
gitlab.com/elixxir/client/keyStore/recieveKeyManagerBuffer.go:89.16,93.3 2 0
gitlab.com/elixxir/client/keyStore/recieveKeyManagerBuffer.go:94.2,94.33 1 1
gitlab.com/elixxir/client/keyStore/recieveKeyManagerBuffer.go:98.67,114.16 6 1
gitlab.com/elixxir/client/keyStore/recieveKeyManagerBuffer.go:114.16,117.3 2 0
gitlab.com/elixxir/client/keyStore/recieveKeyManagerBuffer.go:119.2,121.42 2 1
gitlab.com/elixxir/client/keyStore/recieveKeyManagerBuffer.go:121.42,124.3 2 1
gitlab.com/elixxir/client/keyStore/recieveKeyManagerBuffer.go:126.2,126.12 1 1
gitlab.com/elixxir/client/keyStore/rekeyManager.go:22.41,23.47 1 1
gitlab.com/elixxir/client/keyStore/rekeyManager.go:23.47,28.3 4 1
gitlab.com/elixxir/client/keyStore/rekeyManager.go:37.38,42.2 1 1
gitlab.com/elixxir/client/keyStore/rekeyManager.go:45.21,49.2 3 1
gitlab.com/elixxir/client/keyStore/rekeyManager.go:51.65,55.2 3 1
gitlab.com/elixxir/client/keyStore/rekeyManager.go:57.54,61.2 3 1
gitlab.com/elixxir/client/keyStore/rekeyManager.go:64.19,68.2 3 1
gitlab.com/elixxir/client/keyStore/rekeyManager.go:70.63,74.2 3 1
gitlab.com/elixxir/client/keyStore/rekeyManager.go:76.55,80.2 3 1
gitlab.com/elixxir/client/parse/body.go:23.45,25.22 2 1
gitlab.com/elixxir/client/parse/body.go:25.22,28.3 1 1
gitlab.com/elixxir/client/parse/body.go:29.2,32.20 4 1
gitlab.com/elixxir/client/parse/body.go:36.35,39.2 1 1
gitlab.com/elixxir/client/parse/body.go:43.44,47.2 3 1
gitlab.com/elixxir/client/parse/message.go:41.38,43.2 1 1
gitlab.com/elixxir/client/parse/message.go:66.37,82.2 9 1
gitlab.com/elixxir/client/parse/message.go:84.40,86.2 1 1
gitlab.com/elixxir/client/parse/message.go:88.43,90.2 1 1
gitlab.com/elixxir/client/parse/message.go:92.39,94.2 1 1
gitlab.com/elixxir/client/parse/message.go:96.42,98.2 1 1
gitlab.com/elixxir/client/parse/message.go:100.46,102.2 1 1
gitlab.com/elixxir/client/parse/message.go:104.44,106.2 1 1
gitlab.com/elixxir/client/parse/message.go:108.33,110.2 1 1
gitlab.com/elixxir/client/parse/message.go:117.51,119.2 1 0
gitlab.com/elixxir/client/parse/message.go:121.54,123.2 1 0
gitlab.com/elixxir/client/parse/message.go:127.52,129.2 1 0
gitlab.com/elixxir/client/parse/message.go:131.55,133.2 1 0
gitlab.com/elixxir/client/parse/message.go:135.57,137.2 1 1
gitlab.com/elixxir/client/parse/message.go:139.53,141.2 1 1
gitlab.com/elixxir/client/parse/message.go:144.46,149.2 1 0
gitlab.com/elixxir/client/parse/partition.go:19.32,21.2 1 1
gitlab.com/elixxir/client/parse/partition.go:24.32,33.23 3 1
gitlab.com/elixxir/client/parse/partition.go:33.23,41.3 6 0
gitlab.com/elixxir/client/parse/partition.go:53.48,55.17 2 1
gitlab.com/elixxir/client/parse/partition.go:55.17,57.3 1 1
gitlab.com/elixxir/client/parse/partition.go:58.2,59.24 2 1
gitlab.com/elixxir/client/parse/partition.go:62.58,73.30 2 1
gitlab.com/elixxir/client/parse/partition.go:73.30,75.3 1 1
gitlab.com/elixxir/client/parse/partition.go:77.2,80.28 4 1
gitlab.com/elixxir/client/parse/partition.go:80.28,85.3 3 1
gitlab.com/elixxir/client/parse/partition.go:87.2,88.28 2 1
gitlab.com/elixxir/client/parse/partition.go:88.28,90.3 1 1
gitlab.com/elixxir/client/parse/partition.go:92.2,92.24 1 1
gitlab.com/elixxir/client/parse/partition.go:97.28,98.11 1 1
gitlab.com/elixxir/client/parse/partition.go:98.11,100.3 1 1
gitlab.com/elixxir/client/parse/partition.go:101.2,101.10 1 1
gitlab.com/elixxir/client/parse/partition.go:109.31,126.2 7 1
gitlab.com/elixxir/client/parse/partition.go:131.52,137.28 2 1
gitlab.com/elixxir/client/parse/partition.go:137.28,139.3 1 1
gitlab.com/elixxir/client/parse/partition.go:140.2,140.20 1 1
gitlab.com/elixxir/client/parse/partition.go:151.13,156.38 4 1
gitlab.com/elixxir/client/parse/partition.go:156.38,157.32 1 1
gitlab.com/elixxir/client/parse/partition.go:157.32,161.9 3 1
gitlab.com/elixxir/client/parse/partition.go:165.2,165.57 1 1
gitlab.com/elixxir/client/parse/partition.go:165.57,168.3 1 1
gitlab.com/elixxir/client/parse/partition.go:168.8,168.58 1 1
gitlab.com/elixxir/client/parse/partition.go:168.58,171.3 1 0
gitlab.com/elixxir/client/parse/partition.go:171.8,171.82 1 1
gitlab.com/elixxir/client/parse/partition.go:171.82,177.3 1 0
gitlab.com/elixxir/client/parse/partition.go:177.8,177.39 1 1
gitlab.com/elixxir/client/parse/partition.go:177.39,179.3 1 1
gitlab.com/elixxir/client/parse/partition.go:181.2,190.20 3 1
gitlab.com/elixxir/client/rekey/rekey.go:36.82,41.16 5 1
gitlab.com/elixxir/client/rekey/rekey.go:41.16,44.3 2 1
gitlab.com/elixxir/client/rekey/rekey.go:44.8,46.3 1 1
gitlab.com/elixxir/client/rekey/rekey.go:53.75,57.38 4 1
gitlab.com/elixxir/client/rekey/rekey.go:57.38,60.3 2 1
gitlab.com/elixxir/client/rekey/rekey.go:61.2,63.16 3 1
gitlab.com/elixxir/client/rekey/rekey.go:63.16,66.3 2 1
gitlab.com/elixxir/client/rekey/rekey.go:66.8,68.3 1 1
gitlab.com/elixxir/client/rekey/rekey.go:75.82,81.16 6 1
gitlab.com/elixxir/client/rekey/rekey.go:81.16,84.3 2 1
gitlab.com/elixxir/client/rekey/rekey.go:84.8,86.3 1 1
gitlab.com/elixxir/client/rekey/rekey.go:90.99,116.2 11 1
gitlab.com/elixxir/client/rekey/rekey.go:127.70,134.12 5 1
gitlab.com/elixxir/client/rekey/rekey.go:135.20,137.17 2 1
gitlab.com/elixxir/client/rekey/rekey.go:137.17,140.4 1 1
gitlab.com/elixxir/client/rekey/rekey.go:141.3,142.18 2 1
gitlab.com/elixxir/client/rekey/rekey.go:142.18,144.4 1 1
gitlab.com/elixxir/client/rekey/rekey.go:145.13,147.18 2 1
gitlab.com/elixxir/client/rekey/rekey.go:147.18,149.4 1 1
gitlab.com/elixxir/client/rekey/rekey.go:150.20,152.17 2 1
gitlab.com/elixxir/client/rekey/rekey.go:152.17,155.4 1 1
gitlab.com/elixxir/client/rekey/rekey.go:162.2,166.16 5 1
gitlab.com/elixxir/client/rekey/rekey.go:166.16,167.25 1 1
gitlab.com/elixxir/client/rekey/rekey.go:167.25,175.4 5 1
gitlab.com/elixxir/client/rekey/rekey.go:175.9,182.4 3 1
gitlab.com/elixxir/client/rekey/rekey.go:185.3,196.25 3 1
gitlab.com/elixxir/client/rekey/rekey.go:196.25,198.4 1 1
gitlab.com/elixxir/client/rekey/rekey.go:200.3,200.27 1 1
gitlab.com/elixxir/client/rekey/rekey.go:204.2,208.12 3 1
gitlab.com/elixxir/client/rekey/rekey.go:209.13,220.43 5 1
gitlab.com/elixxir/client/rekey/rekey.go:221.20,226.34 4 1
gitlab.com/elixxir/client/rekey/rekey.go:226.34,241.4 7 1
gitlab.com/elixxir/client/rekey/rekey.go:241.9,244.4 1 1
gitlab.com/elixxir/client/rekey/rekey.go:248.2,248.12 1 1
gitlab.com/elixxir/client/rekey/rekey.go:249.20,254.58 1 1
gitlab.com/elixxir/client/rekey/rekey.go:255.13,257.10 1 1
gitlab.com/elixxir/client/rekey/rekey.go:258.32,258.32 0 1
gitlab.com/elixxir/client/rekey/rekey.go:262.3,269.72 5 1
gitlab.com/elixxir/client/rekey/rekey.go:271.2,271.12 1 1
gitlab.com/elixxir/client/user/session.go:81.31,103.2 1 1
gitlab.com/elixxir/client/user/session.go:106.36,107.18 1 1
gitlab.com/elixxir/client/user/session.go:107.18,110.3 2 1
gitlab.com/elixxir/client/user/session.go:112.2,116.16 3 1
gitlab.com/elixxir/client/user/session.go:116.16,119.3 1 1
gitlab.com/elixxir/client/user/session.go:121.2,131.16 6 1
gitlab.com/elixxir/client/user/session.go:131.16,135.3 2 0
gitlab.com/elixxir/client/user/session.go:138.2,149.22 6 1
gitlab.com/elixxir/client/user/session.go:201.48,205.2 3 1
gitlab.com/elixxir/client/user/session.go:207.50,211.2 3 1
gitlab.com/elixxir/client/user/session.go:213.49,217.30 4 1
gitlab.com/elixxir/client/user/session.go:217.30,219.3 1 1
gitlab.com/elixxir/client/user/session.go:220.2,220.14 1 1
gitlab.com/elixxir/client/user/session.go:223.68,229.38 4 1
gitlab.com/elixxir/client/user/session.go:229.38,231.3 1 1
gitlab.com/elixxir/client/user/session.go:233.2,233.13 1 1
gitlab.com/elixxir/client/user/session.go:236.57,240.2 3 1
gitlab.com/elixxir/client/user/session.go:242.55,246.2 3 1
gitlab.com/elixxir/client/user/session.go:248.56,252.2 3 1
gitlab.com/elixxir/client/user/session.go:254.55,258.2 3 1
gitlab.com/elixxir/client/user/session.go:260.55,264.2 3 1
gitlab.com/elixxir/client/user/session.go:266.54,270.2 3 1
gitlab.com/elixxir/client/user/session.go:272.51,276.2 3 1
gitlab.com/elixxir/client/user/session.go:278.66,282.2 3 1
gitlab.com/elixxir/client/user/session.go:284.50,288.2 3 1
gitlab.com/elixxir/client/user/session.go:291.59,295.26 3 1
gitlab.com/elixxir/client/user/session.go:295.26,302.3 1 1
gitlab.com/elixxir/client/user/session.go:303.2,303.20 1 1
gitlab.com/elixxir/client/user/session.go:306.43,308.20 1 1
gitlab.com/elixxir/client/user/session.go:308.20,311.3 2 0
gitlab.com/elixxir/client/user/session.go:313.2,316.16 3 1
gitlab.com/elixxir/client/user/session.go:316.16,319.3 1 0
gitlab.com/elixxir/client/user/session.go:321.2,321.12 1 1
gitlab.com/elixxir/client/user/session.go:325.43,330.2 4 1
gitlab.com/elixxir/client/user/session.go:334.39,336.14 2 1
gitlab.com/elixxir/client/user/session.go:336.14,339.3 2 0
gitlab.com/elixxir/client/user/session.go:344.2,350.12 5 1
gitlab.com/elixxir/client/user/session.go:354.71,360.2 5 1
gitlab.com/elixxir/client/user/session.go:363.64,367.9 4 1
gitlab.com/elixxir/client/user/session.go:367.9,370.3 2 1
gitlab.com/elixxir/client/user/session.go:371.2,372.21 2 1
gitlab.com/elixxir/client/user/session.go:375.50,381.2 5 1
gitlab.com/elixxir/client/user/session.go:383.55,387.2 3 0
gitlab.com/elixxir/client/user/session.go:389.55,391.2 1 1
gitlab.com/elixxir/client/user/session.go:393.63,395.2 1 1
gitlab.com/elixxir/client/user/session.go:397.64,399.2 1 1
gitlab.com/elixxir/client/user/session.go:401.50,403.2 1 1
gitlab.com/elixxir/client/user/session.go:405.55,412.16 4 1
gitlab.com/elixxir/client/user/session.go:412.16,416.3 2 0
gitlab.com/elixxir/client/user/session.go:417.2,417.29 1 1
gitlab.com/elixxir/client/user/session.go:422.36,424.2 1 1
gitlab.com/elixxir/client/user/session.go:426.38,428.2 1 1
gitlab.com/elixxir/client/user/session.go:430.36,434.2 1 0
gitlab.com/elixxir/client/user/session.go:437.37,443.2 3 1
gitlab.com/elixxir/client/user/session.go:447.43,451.2 3 1
gitlab.com/elixxir/client/user/session.go:453.46,457.16 3 1
gitlab.com/elixxir/client/user/session.go:457.16,460.3 1 0
gitlab.com/elixxir/client/user/session.go:461.2,461.15 1 1
gitlab.com/elixxir/client/user/session.go:464.51,467.59 3 1
gitlab.com/elixxir/client/user/session.go:467.59,470.3 1 0
gitlab.com/elixxir/client/user/session.go:471.2,472.19 2 1
gitlab.com/elixxir/client/user/session.go:475.60,480.16 5 1
gitlab.com/elixxir/client/user/session.go:480.16,483.3 1 1
gitlab.com/elixxir/client/user/session.go:484.2,484.23 1 1
gitlab.com/elixxir/client/user/session.go:490.72,492.2 1 1
gitlab.com/elixxir/client/user/session.go:496.61,500.2 3 1
gitlab.com/elixxir/client/user/user.go:28.42,30.2 1 1
gitlab.com/elixxir/client/user/user.go:56.46,57.59 1 1
gitlab.com/elixxir/client/user/user.go:57.59,59.3 1 0
gitlab.com/elixxir/client/user/user.go:60.2,66.45 4 1
gitlab.com/elixxir/client/user/user.go:66.45,85.49 13 1
gitlab.com/elixxir/client/user/user.go:85.49,89.4 1 0
gitlab.com/elixxir/client/user/user.go:90.3,91.18 2 1
gitlab.com/elixxir/client/user/user.go:95.2,95.42 1 1
gitlab.com/elixxir/client/user/user.go:95.42,98.3 2 1
gitlab.com/elixxir/client/user/user.go:100.2,100.45 1 1
gitlab.com/elixxir/client/user/user.go:100.45,103.3 2 1
gitlab.com/elixxir/client/user/user.go:106.2,109.19 1 1
gitlab.com/elixxir/client/user/user.go:120.33,121.14 1 1
gitlab.com/elixxir/client/user/user.go:121.14,123.3 1 1
gitlab.com/elixxir/client/user/user.go:124.2,127.11 4 1
gitlab.com/elixxir/client/user/user.go:131.63,133.2 1 1
gitlab.com/elixxir/client/user/user.go:137.62,141.2 3 1
gitlab.com/elixxir/client/user/user.go:144.43,147.2 1 1
gitlab.com/elixxir/client/user/user.go:151.42,153.2 1 1
gitlab.com/elixxir/client/user/user.go:156.36,158.2 1 1
gitlab.com/elixxir/client/user/user.go:161.59,164.2 2 1
gitlab.com/elixxir/client/user/user.go:167.62,170.2 2 1
